Build model ...
Saving everything to directory ../checkpoints_50.
epoch: 1
Epoch: [0][0/849]	Time 16.178 (16.178)	Data 4.064 (4.064)	Loss 0.6034 (0.6034)	Prec 0.397 (0.397)	
Epoch: [0][1/849]	Time 1.282 (8.730)	Data 0.093 (2.079)	Loss 0.5693 (0.5863)	Prec 0.431 (0.414)	
Epoch: [0][2/849]	Time 2.037 (6.499)	Data 0.845 (1.667)	Loss 0.4787 (0.5505)	Prec 0.521 (0.450)	
Epoch: [0][3/849]	Time 2.035 (5.383)	Data 0.845 (1.462)	Loss 0.3697 (0.5053)	Prec 0.630 (0.495)	
Epoch: [0][4/849]	Time 2.040 (4.714)	Data 0.847 (1.339)	Loss 0.2828 (0.4608)	Prec 0.717 (0.539)	
Epoch: [0][5/849]	Time 2.036 (4.268)	Data 0.846 (1.257)	Loss 0.2423 (0.4244)	Prec 0.758 (0.576)	
Epoch: [0][6/849]	Time 2.035 (3.949)	Data 0.847 (1.198)	Loss 0.2363 (0.3975)	Prec 0.764 (0.602)	
Epoch: [0][7/849]	Time 2.036 (3.710)	Data 0.846 (1.154)	Loss 0.2338 (0.3770)	Prec 0.766 (0.623)	
Epoch: [0][8/849]	Time 2.038 (3.524)	Data 0.847 (1.120)	Loss 0.2792 (0.3662)	Prec 0.721 (0.634)	
Epoch: [0][9/849]	Time 2.037 (3.375)	Data 0.845 (1.093)	Loss 0.2738 (0.3569)	Prec 0.726 (0.643)	
Epoch: [0][10/849]	Time 2.038 (3.254)	Data 0.847 (1.070)	Loss 0.2636 (0.3484)	Prec 0.736 (0.652)	
Epoch: [0][11/849]	Time 2.036 (3.152)	Data 0.845 (1.051)	Loss 0.2460 (0.3399)	Prec 0.754 (0.660)	
Epoch: [0][12/849]	Time 2.033 (3.066)	Data 0.844 (1.035)	Loss 0.2462 (0.3327)	Prec 0.754 (0.667)	
Epoch: [0][13/849]	Time 2.036 (2.993)	Data 0.847 (1.022)	Loss 0.2384 (0.3260)	Prec 0.762 (0.674)	
Epoch: [0][14/849]	Time 2.035 (2.929)	Data 0.845 (1.010)	Loss 0.2254 (0.3193)	Prec 0.775 (0.681)	
Epoch: [0][15/849]	Time 2.036 (2.873)	Data 0.848 (1.000)	Loss 0.1955 (0.3115)	Prec 0.804 (0.688)	
Epoch: [0][16/849]	Time 2.034 (2.824)	Data 0.844 (0.991)	Loss 0.1703 (0.3032)	Prec 0.830 (0.697)	
Epoch: [0][17/849]	Time 2.038 (2.780)	Data 0.846 (0.983)	Loss 0.1690 (0.2958)	Prec 0.831 (0.704)	
Epoch: [0][18/849]	Time 2.037 (2.741)	Data 0.846 (0.976)	Loss 0.1942 (0.2904)	Prec 0.806 (0.710)	
Epoch: [0][19/849]	Time 2.037 (2.706)	Data 0.846 (0.969)	Loss 0.1965 (0.2857)	Prec 0.804 (0.714)	
Epoch: [0][20/849]	Time 2.038 (2.674)	Data 0.847 (0.963)	Loss 0.2000 (0.2816)	Prec 0.800 (0.718)	
Epoch: [0][21/849]	Time 2.037 (2.645)	Data 0.845 (0.958)	Loss 0.1949 (0.2777)	Prec 0.805 (0.722)	
Epoch: [0][22/849]	Time 2.035 (2.618)	Data 0.846 (0.953)	Loss 0.1713 (0.2731)	Prec 0.829 (0.727)	
Epoch: [0][23/849]	Time 2.037 (2.594)	Data 0.845 (0.949)	Loss 0.1526 (0.2681)	Prec 0.847 (0.732)	
Epoch: [0][24/849]	Time 2.036 (2.572)	Data 0.846 (0.944)	Loss 0.1318 (0.2626)	Prec 0.868 (0.737)	
Epoch: [0][25/849]	Time 2.039 (2.551)	Data 0.848 (0.941)	Loss 0.1557 (0.2585)	Prec 0.844 (0.742)	
Epoch: [0][26/849]	Time 2.037 (2.532)	Data 0.847 (0.937)	Loss 0.1689 (0.2552)	Prec 0.831 (0.745)	
Epoch: [0][27/849]	Time 2.053 (2.515)	Data 0.846 (0.934)	Loss 0.1592 (0.2517)	Prec 0.841 (0.748)	
Epoch: [0][28/849]	Time 2.019 (2.498)	Data 0.828 (0.930)	Loss 0.1409 (0.2479)	Prec 0.859 (0.752)	
Epoch: [0][29/849]	Time 2.035 (2.483)	Data 0.847 (0.928)	Loss 0.1415 (0.2444)	Prec 0.858 (0.756)	
Epoch: [0][30/849]	Time 2.034 (2.468)	Data 0.845 (0.925)	Loss 0.1232 (0.2405)	Prec 0.877 (0.760)	
Epoch: [0][31/849]	Time 2.036 (2.455)	Data 0.847 (0.923)	Loss 0.1379 (0.2373)	Prec 0.862 (0.763)	
Epoch: [0][32/849]	Time 2.036 (2.442)	Data 0.847 (0.920)	Loss 0.1478 (0.2346)	Prec 0.852 (0.765)	
Epoch: [0][33/849]	Time 2.036 (2.430)	Data 0.845 (0.918)	Loss 0.1429 (0.2319)	Prec 0.857 (0.768)	
Epoch: [0][34/849]	Time 2.036 (2.419)	Data 0.846 (0.916)	Loss 0.1334 (0.2290)	Prec 0.867 (0.771)	
Epoch: [0][35/849]	Time 2.039 (2.408)	Data 0.848 (0.914)	Loss 0.1295 (0.2263)	Prec 0.871 (0.774)	
Epoch: [0][36/849]	Time 2.034 (2.398)	Data 0.846 (0.912)	Loss 0.1309 (0.2237)	Prec 0.869 (0.776)	
Epoch: [0][37/849]	Time 2.039 (2.389)	Data 0.846 (0.910)	Loss 0.1391 (0.2215)	Prec 0.861 (0.779)	
Epoch: [0][38/849]	Time 2.035 (2.380)	Data 0.844 (0.909)	Loss 0.1332 (0.2192)	Prec 0.867 (0.781)	
Epoch: [0][39/849]	Time 2.070 (2.372)	Data 0.846 (0.907)	Loss 0.1408 (0.2172)	Prec 0.859 (0.783)	
Epoch: [0][40/849]	Time 2.004 (2.363)	Data 0.813 (0.905)	Loss 0.1318 (0.2152)	Prec 0.868 (0.785)	
Epoch: [0][41/849]	Time 2.039 (2.355)	Data 0.847 (0.904)	Loss 0.1261 (0.2130)	Prec 0.874 (0.787)	
Epoch: [0][42/849]	Time 2.035 (2.348)	Data 0.845 (0.902)	Loss 0.1342 (0.2112)	Prec 0.866 (0.789)	
Epoch: [0][43/849]	Time 2.036 (2.341)	Data 0.845 (0.901)	Loss 0.1442 (0.2097)	Prec 0.856 (0.790)	
Epoch: [0][44/849]	Time 2.036 (2.334)	Data 0.846 (0.900)	Loss 0.1290 (0.2079)	Prec 0.871 (0.792)	
Epoch: [0][45/849]	Time 2.046 (2.328)	Data 0.846 (0.899)	Loss 0.1275 (0.2061)	Prec 0.873 (0.794)	
Epoch: [0][46/849]	Time 2.026 (2.321)	Data 0.835 (0.897)	Loss 0.1355 (0.2046)	Prec 0.865 (0.795)	
Epoch: [0][47/849]	Time 2.035 (2.315)	Data 0.844 (0.896)	Loss 0.1327 (0.2031)	Prec 0.867 (0.797)	
Epoch: [0][48/849]	Time 2.035 (2.309)	Data 0.845 (0.895)	Loss 0.1386 (0.2018)	Prec 0.861 (0.798)	
Epoch: [0][49/849]	Time 2.034 (2.304)	Data 0.845 (0.894)	Loss 0.1358 (0.2005)	Prec 0.864 (0.799)	
Epoch: [0][50/849]	Time 2.038 (2.299)	Data 0.845 (0.893)	Loss 0.1325 (0.1992)	Prec 0.868 (0.801)	
Epoch: [0][51/849]	Time 2.036 (2.294)	Data 0.846 (0.892)	Loss 0.1341 (0.1979)	Prec 0.866 (0.802)	
Epoch: [0][52/849]	Time 2.038 (2.289)	Data 0.847 (0.891)	Loss 0.1234 (0.1965)	Prec 0.877 (0.803)	
Epoch: [0][53/849]	Time 2.034 (2.284)	Data 0.846 (0.890)	Loss 0.1303 (0.1953)	Prec 0.870 (0.805)	
Epoch: [0][54/849]	Time 2.039 (2.280)	Data 0.847 (0.890)	Loss 0.1292 (0.1941)	Prec 0.871 (0.806)	
Epoch: [0][55/849]	Time 2.038 (2.275)	Data 0.847 (0.889)	Loss 0.1299 (0.1929)	Prec 0.870 (0.807)	
Epoch: [0][56/849]	Time 2.035 (2.271)	Data 0.846 (0.888)	Loss 0.1286 (0.1918)	Prec 0.871 (0.808)	
Epoch: [0][57/849]	Time 2.035 (2.267)	Data 0.847 (0.887)	Loss 0.1330 (0.1908)	Prec 0.867 (0.809)	
Epoch: [0][58/849]	Time 2.037 (2.263)	Data 0.847 (0.887)	Loss 0.1283 (0.1897)	Prec 0.872 (0.810)	
Epoch: [0][59/849]	Time 2.035 (2.259)	Data 0.844 (0.886)	Loss 0.1191 (0.1886)	Prec 0.881 (0.811)	
Epoch: [0][60/849]	Time 2.034 (2.256)	Data 0.844 (0.885)	Loss 0.1249 (0.1875)	Prec 0.875 (0.812)	
Epoch: [0][61/849]	Time 2.041 (2.252)	Data 0.850 (0.885)	Loss 0.1253 (0.1865)	Prec 0.875 (0.813)	
Epoch: [0][62/849]	Time 2.036 (2.249)	Data 0.844 (0.884)	Loss 0.1167 (0.1854)	Prec 0.883 (0.815)	
Epoch: [0][63/849]	Time 2.050 (2.246)	Data 0.845 (0.884)	Loss 0.1255 (0.1845)	Prec 0.875 (0.816)	
Epoch: [0][64/849]	Time 2.022 (2.242)	Data 0.831 (0.883)	Loss 0.1233 (0.1835)	Prec 0.877 (0.816)	
Epoch: [0][65/849]	Time 2.033 (2.239)	Data 0.844 (0.882)	Loss 0.1236 (0.1826)	Prec 0.876 (0.817)	
Epoch: [0][66/849]	Time 2.036 (2.236)	Data 0.846 (0.882)	Loss 0.1315 (0.1819)	Prec 0.868 (0.818)	
Epoch: [0][67/849]	Time 2.038 (2.233)	Data 0.846 (0.881)	Loss 0.1188 (0.1809)	Prec 0.881 (0.819)	
Epoch: [0][68/849]	Time 2.039 (2.230)	Data 0.846 (0.881)	Loss 0.1260 (0.1801)	Prec 0.874 (0.820)	
Epoch: [0][69/849]	Time 2.037 (2.228)	Data 0.846 (0.880)	Loss 0.1304 (0.1794)	Prec 0.870 (0.821)	
Epoch: [0][70/849]	Time 2.034 (2.225)	Data 0.845 (0.880)	Loss 0.1372 (0.1788)	Prec 0.863 (0.821)	
Epoch: [0][71/849]	Time 2.035 (2.222)	Data 0.845 (0.879)	Loss 0.1193 (0.1780)	Prec 0.881 (0.822)	
Epoch: [0][72/849]	Time 2.033 (2.220)	Data 0.845 (0.879)	Loss 0.1331 (0.1774)	Prec 0.867 (0.823)	
Epoch: [0][73/849]	Time 2.033 (2.217)	Data 0.844 (0.878)	Loss 0.1222 (0.1766)	Prec 0.878 (0.823)	
Epoch: [0][74/849]	Time 2.035 (2.215)	Data 0.845 (0.878)	Loss 0.1242 (0.1759)	Prec 0.876 (0.824)	
Epoch: [0][75/849]	Time 2.036 (2.212)	Data 0.846 (0.877)	Loss 0.1289 (0.1753)	Prec 0.871 (0.825)	
Epoch: [0][76/849]	Time 2.035 (2.210)	Data 0.845 (0.877)	Loss 0.1273 (0.1747)	Prec 0.873 (0.825)	
Epoch: [0][77/849]	Time 2.037 (2.208)	Data 0.846 (0.876)	Loss 0.1205 (0.1740)	Prec 0.880 (0.826)	
Epoch: [0][78/849]	Time 2.034 (2.206)	Data 0.845 (0.876)	Loss 0.1302 (0.1735)	Prec 0.870 (0.827)	
Epoch: [0][79/849]	Time 2.036 (2.203)	Data 0.844 (0.876)	Loss 0.1279 (0.1729)	Prec 0.872 (0.827)	
Epoch: [0][80/849]	Time 2.035 (2.201)	Data 0.846 (0.875)	Loss 0.1189 (0.1722)	Prec 0.881 (0.828)	
Epoch: [0][81/849]	Time 2.038 (2.199)	Data 0.846 (0.875)	Loss 0.1193 (0.1716)	Prec 0.881 (0.828)	
Epoch: [0][82/849]	Time 2.036 (2.197)	Data 0.845 (0.875)	Loss 0.1277 (0.1710)	Prec 0.872 (0.829)	
Epoch: [0][83/849]	Time 2.035 (2.195)	Data 0.845 (0.874)	Loss 0.1352 (0.1706)	Prec 0.865 (0.829)	
Epoch: [0][84/849]	Time 2.038 (2.194)	Data 0.845 (0.874)	Loss 0.1322 (0.1702)	Prec 0.868 (0.830)	
Epoch: [0][85/849]	Time 2.034 (2.192)	Data 0.847 (0.874)	Loss 0.1187 (0.1696)	Prec 0.881 (0.830)	
Epoch: [0][86/849]	Time 2.037 (2.190)	Data 0.846 (0.873)	Loss 0.1288 (0.1691)	Prec 0.871 (0.831)	
Epoch: [0][87/849]	Time 2.037 (2.188)	Data 0.846 (0.873)	Loss 0.1343 (0.1687)	Prec 0.866 (0.831)	
Epoch: [0][88/849]	Time 2.039 (2.187)	Data 0.848 (0.873)	Loss 0.1185 (0.1681)	Prec 0.881 (0.832)	
Epoch: [0][89/849]	Time 2.036 (2.185)	Data 0.846 (0.872)	Loss 0.1215 (0.1676)	Prec 0.879 (0.832)	
Epoch: [0][90/849]	Time 2.034 (2.183)	Data 0.844 (0.872)	Loss 0.1201 (0.1671)	Prec 0.880 (0.833)	
Epoch: [0][91/849]	Time 2.035 (2.182)	Data 0.847 (0.872)	Loss 0.1389 (0.1668)	Prec 0.861 (0.833)	
Epoch: [0][92/849]	Time 2.037 (2.180)	Data 0.846 (0.871)	Loss 0.1170 (0.1663)	Prec 0.883 (0.834)	
Epoch: [0][93/849]	Time 2.036 (2.179)	Data 0.845 (0.871)	Loss 0.1243 (0.1658)	Prec 0.876 (0.834)	
Epoch: [0][94/849]	Time 2.038 (2.177)	Data 0.846 (0.871)	Loss 0.1212 (0.1653)	Prec 0.879 (0.835)	
Epoch: [0][95/849]	Time 2.036 (2.176)	Data 0.844 (0.871)	Loss 0.1360 (0.1650)	Prec 0.864 (0.835)	
Epoch: [0][96/849]	Time 2.036 (2.174)	Data 0.846 (0.870)	Loss 0.1142 (0.1645)	Prec 0.886 (0.835)	
Epoch: [0][97/849]	Time 2.034 (2.173)	Data 0.845 (0.870)	Loss 0.1234 (0.1641)	Prec 0.877 (0.836)	
Epoch: [0][98/849]	Time 2.037 (2.171)	Data 0.845 (0.870)	Loss 0.1320 (0.1638)	Prec 0.868 (0.836)	
Epoch: [0][99/849]	Time 2.038 (2.170)	Data 0.846 (0.870)	Loss 0.1193 (0.1633)	Prec 0.881 (0.837)	
Epoch: [0][100/849]	Time 2.036 (2.169)	Data 0.846 (0.869)	Loss 0.1345 (0.1630)	Prec 0.866 (0.837)	
Epoch: [0][101/849]	Time 2.036 (2.167)	Data 0.845 (0.869)	Loss 0.1166 (0.1626)	Prec 0.883 (0.837)	
Epoch: [0][102/849]	Time 2.036 (2.166)	Data 0.845 (0.869)	Loss 0.1175 (0.1621)	Prec 0.882 (0.838)	
Epoch: [0][103/849]	Time 2.036 (2.165)	Data 0.845 (0.869)	Loss 0.1190 (0.1617)	Prec 0.881 (0.838)	
Epoch: [0][104/849]	Time 2.034 (2.164)	Data 0.847 (0.869)	Loss 0.1288 (0.1614)	Prec 0.871 (0.839)	
Epoch: [0][105/849]	Time 2.037 (2.162)	Data 0.846 (0.868)	Loss 0.1152 (0.1610)	Prec 0.885 (0.839)	
Epoch: [0][106/849]	Time 2.037 (2.161)	Data 0.846 (0.868)	Loss 0.1320 (0.1607)	Prec 0.868 (0.839)	
Epoch: [0][107/849]	Time 2.033 (2.160)	Data 0.845 (0.868)	Loss 0.1263 (0.1604)	Prec 0.874 (0.840)	
Epoch: [0][108/849]	Time 2.041 (2.159)	Data 0.848 (0.868)	Loss 0.1259 (0.1601)	Prec 0.874 (0.840)	
Epoch: [0][109/849]	Time 2.036 (2.158)	Data 0.845 (0.868)	Loss 0.1273 (0.1598)	Prec 0.873 (0.840)	
Epoch: [0][110/849]	Time 2.036 (2.157)	Data 0.845 (0.867)	Loss 0.1171 (0.1594)	Prec 0.883 (0.841)	
Epoch: [0][111/849]	Time 2.039 (2.156)	Data 0.847 (0.867)	Loss 0.1296 (0.1591)	Prec 0.870 (0.841)	
Epoch: [0][112/849]	Time 2.039 (2.155)	Data 0.847 (0.867)	Loss 0.1222 (0.1588)	Prec 0.878 (0.841)	
Epoch: [0][113/849]	Time 2.037 (2.154)	Data 0.844 (0.867)	Loss 0.1128 (0.1584)	Prec 0.887 (0.842)	
Epoch: [0][114/849]	Time 2.037 (2.153)	Data 0.845 (0.867)	Loss 0.1139 (0.1580)	Prec 0.886 (0.842)	
Epoch: [0][115/849]	Time 2.035 (2.152)	Data 0.844 (0.866)	Loss 0.1186 (0.1577)	Prec 0.881 (0.842)	
Epoch: [0][116/849]	Time 2.040 (2.151)	Data 0.848 (0.866)	Loss 0.1273 (0.1574)	Prec 0.873 (0.843)	
Epoch: [0][117/849]	Time 2.040 (2.150)	Data 0.848 (0.866)	Loss 0.1209 (0.1571)	Prec 0.879 (0.843)	
Epoch: [0][118/849]	Time 2.039 (2.149)	Data 0.845 (0.866)	Loss 0.1250 (0.1568)	Prec 0.875 (0.843)	
Epoch: [0][119/849]	Time 2.035 (2.148)	Data 0.844 (0.866)	Loss 0.1153 (0.1565)	Prec 0.885 (0.844)	
Epoch: [0][120/849]	Time 2.034 (2.147)	Data 0.845 (0.866)	Loss 0.1179 (0.1562)	Prec 0.882 (0.844)	
Epoch: [0][121/849]	Time 2.035 (2.146)	Data 0.846 (0.865)	Loss 0.1212 (0.1559)	Prec 0.879 (0.844)	
Epoch: [0][122/849]	Time 2.035 (2.145)	Data 0.846 (0.865)	Loss 0.1225 (0.1556)	Prec 0.877 (0.844)	
Epoch: [0][123/849]	Time 2.034 (2.144)	Data 0.845 (0.865)	Loss 0.1212 (0.1553)	Prec 0.879 (0.845)	
Epoch: [0][124/849]	Time 2.038 (2.143)	Data 0.848 (0.865)	Loss 0.1302 (0.1551)	Prec 0.870 (0.845)	
Epoch: [0][125/849]	Time 2.036 (2.143)	Data 0.847 (0.865)	Loss 0.1277 (0.1549)	Prec 0.872 (0.845)	
Epoch: [0][126/849]	Time 2.035 (2.142)	Data 0.845 (0.865)	Loss 0.1122 (0.1546)	Prec 0.888 (0.845)	
Epoch: [0][127/849]	Time 2.035 (2.141)	Data 0.846 (0.864)	Loss 0.1298 (0.1544)	Prec 0.870 (0.846)	
Epoch: [0][128/849]	Time 2.038 (2.140)	Data 0.847 (0.864)	Loss 0.1183 (0.1541)	Prec 0.882 (0.846)	
Epoch: [0][129/849]	Time 2.033 (2.139)	Data 0.845 (0.864)	Loss 0.1128 (0.1538)	Prec 0.887 (0.846)	
Epoch: [0][130/849]	Time 2.035 (2.138)	Data 0.844 (0.864)	Loss 0.1239 (0.1536)	Prec 0.876 (0.846)	
Epoch: [0][131/849]	Time 2.044 (2.138)	Data 0.846 (0.864)	Loss 0.1247 (0.1533)	Prec 0.875 (0.847)	
Epoch: [0][132/849]	Time 2.029 (2.137)	Data 0.839 (0.864)	Loss 0.1118 (0.1530)	Prec 0.888 (0.847)	
Epoch: [0][133/849]	Time 2.033 (2.136)	Data 0.844 (0.864)	Loss 0.1273 (0.1528)	Prec 0.873 (0.847)	
Epoch: [0][134/849]	Time 2.039 (2.135)	Data 0.846 (0.863)	Loss 0.1179 (0.1526)	Prec 0.882 (0.847)	
Epoch: [0][135/849]	Time 2.033 (2.135)	Data 0.845 (0.863)	Loss 0.1261 (0.1524)	Prec 0.874 (0.848)	
Epoch: [0][136/849]	Time 2.038 (2.134)	Data 0.845 (0.863)	Loss 0.1225 (0.1522)	Prec 0.877 (0.848)	
Epoch: [0][137/849]	Time 2.035 (2.133)	Data 0.846 (0.863)	Loss 0.1191 (0.1519)	Prec 0.881 (0.848)	
Epoch: [0][138/849]	Time 2.034 (2.132)	Data 0.845 (0.863)	Loss 0.1158 (0.1517)	Prec 0.884 (0.848)	
Epoch: [0][139/849]	Time 2.033 (2.132)	Data 0.845 (0.863)	Loss 0.1122 (0.1514)	Prec 0.888 (0.849)	
Epoch: [0][140/849]	Time 2.036 (2.131)	Data 0.845 (0.863)	Loss 0.1265 (0.1512)	Prec 0.873 (0.849)	
Epoch: [0][141/849]	Time 2.034 (2.130)	Data 0.845 (0.863)	Loss 0.1235 (0.1510)	Prec 0.876 (0.849)	
Epoch: [0][142/849]	Time 2.035 (2.130)	Data 0.846 (0.862)	Loss 0.1283 (0.1508)	Prec 0.872 (0.849)	
Epoch: [0][143/849]	Time 2.037 (2.129)	Data 0.845 (0.862)	Loss 0.1216 (0.1506)	Prec 0.878 (0.849)	
Epoch: [0][144/849]	Time 2.037 (2.128)	Data 0.845 (0.862)	Loss 0.1308 (0.1505)	Prec 0.869 (0.849)	
Epoch: [0][145/849]	Time 2.033 (2.128)	Data 0.844 (0.862)	Loss 0.1176 (0.1503)	Prec 0.882 (0.850)	
Epoch: [0][146/849]	Time 2.038 (2.127)	Data 0.847 (0.862)	Loss 0.1279 (0.1501)	Prec 0.872 (0.850)	
Epoch: [0][147/849]	Time 2.035 (2.127)	Data 0.845 (0.862)	Loss 0.1347 (0.1500)	Prec 0.865 (0.850)	
Epoch: [0][148/849]	Time 2.037 (2.126)	Data 0.846 (0.862)	Loss 0.1290 (0.1499)	Prec 0.871 (0.850)	
Epoch: [0][149/849]	Time 2.034 (2.125)	Data 0.845 (0.862)	Loss 0.1223 (0.1497)	Prec 0.878 (0.850)	
Epoch: [0][150/849]	Time 2.036 (2.125)	Data 0.846 (0.862)	Loss 0.1197 (0.1495)	Prec 0.880 (0.850)	
Epoch: [0][151/849]	Time 2.032 (2.124)	Data 0.844 (0.861)	Loss 0.1155 (0.1493)	Prec 0.885 (0.851)	
Epoch: [0][152/849]	Time 2.035 (2.124)	Data 0.847 (0.861)	Loss 0.1290 (0.1491)	Prec 0.871 (0.851)	
Epoch: [0][153/849]	Time 2.034 (2.123)	Data 0.844 (0.861)	Loss 0.1242 (0.1490)	Prec 0.876 (0.851)	
Epoch: [0][154/849]	Time 2.037 (2.122)	Data 0.847 (0.861)	Loss 0.1309 (0.1489)	Prec 0.869 (0.851)	
Epoch: [0][155/849]	Time 2.036 (2.122)	Data 0.845 (0.861)	Loss 0.1243 (0.1487)	Prec 0.876 (0.851)	
Epoch: [0][156/849]	Time 2.036 (2.121)	Data 0.846 (0.861)	Loss 0.1186 (0.1485)	Prec 0.881 (0.851)	
Epoch: [0][157/849]	Time 2.037 (2.121)	Data 0.846 (0.861)	Loss 0.1217 (0.1483)	Prec 0.878 (0.852)	
Epoch: [0][158/849]	Time 2.036 (2.120)	Data 0.844 (0.861)	Loss 0.1221 (0.1482)	Prec 0.878 (0.852)	
Epoch: [0][159/849]	Time 2.034 (2.120)	Data 0.845 (0.861)	Loss 0.1268 (0.1480)	Prec 0.873 (0.852)	
Epoch: [0][160/849]	Time 2.039 (2.119)	Data 0.848 (0.861)	Loss 0.1236 (0.1479)	Prec 0.876 (0.852)	
Epoch: [0][161/849]	Time 2.044 (2.119)	Data 0.846 (0.860)	Loss 0.1189 (0.1477)	Prec 0.881 (0.852)	
Epoch: [0][162/849]	Time 2.023 (2.118)	Data 0.834 (0.860)	Loss 0.1240 (0.1476)	Prec 0.876 (0.852)	
Epoch: [0][163/849]	Time 2.035 (2.118)	Data 0.845 (0.860)	Loss 0.1229 (0.1474)	Prec 0.877 (0.853)	
Epoch: [0][164/849]	Time 2.038 (2.117)	Data 0.845 (0.860)	Loss 0.1292 (0.1473)	Prec 0.871 (0.853)	
Epoch: [0][165/849]	Time 2.037 (2.117)	Data 0.846 (0.860)	Loss 0.1302 (0.1472)	Prec 0.870 (0.853)	
Epoch: [0][166/849]	Time 2.036 (2.116)	Data 0.845 (0.860)	Loss 0.1291 (0.1471)	Prec 0.871 (0.853)	
Epoch: [0][167/849]	Time 2.038 (2.116)	Data 0.846 (0.860)	Loss 0.1294 (0.1470)	Prec 0.871 (0.853)	
Epoch: [0][168/849]	Time 2.032 (2.115)	Data 0.844 (0.860)	Loss 0.1266 (0.1469)	Prec 0.873 (0.853)	
Epoch: [0][169/849]	Time 2.033 (2.115)	Data 0.845 (0.860)	Loss 0.1338 (0.1468)	Prec 0.866 (0.853)	
Epoch: [0][170/849]	Time 2.035 (2.114)	Data 0.845 (0.860)	Loss 0.1323 (0.1467)	Prec 0.868 (0.853)	
Epoch: [0][171/849]	Time 2.036 (2.114)	Data 0.846 (0.860)	Loss 0.1212 (0.1466)	Prec 0.879 (0.853)	
Epoch: [0][172/849]	Time 2.038 (2.113)	Data 0.847 (0.859)	Loss 0.1173 (0.1464)	Prec 0.883 (0.854)	
Epoch: [0][173/849]	Time 2.037 (2.113)	Data 0.847 (0.859)	Loss 0.1227 (0.1463)	Prec 0.877 (0.854)	
Epoch: [0][174/849]	Time 2.033 (2.113)	Data 0.844 (0.859)	Loss 0.1317 (0.1462)	Prec 0.868 (0.854)	
Epoch: [0][175/849]	Time 2.032 (2.112)	Data 0.845 (0.859)	Loss 0.1169 (0.1460)	Prec 0.883 (0.854)	
Epoch: [0][176/849]	Time 2.034 (2.112)	Data 0.845 (0.859)	Loss 0.1293 (0.1459)	Prec 0.871 (0.854)	
Epoch: [0][177/849]	Time 2.038 (2.111)	Data 0.848 (0.859)	Loss 0.1216 (0.1458)	Prec 0.878 (0.854)	
Epoch: [0][178/849]	Time 2.036 (2.111)	Data 0.845 (0.859)	Loss 0.1241 (0.1457)	Prec 0.876 (0.854)	
Epoch: [0][179/849]	Time 2.036 (2.110)	Data 0.846 (0.859)	Loss 0.1301 (0.1456)	Prec 0.870 (0.854)	
Epoch: [0][180/849]	Time 2.036 (2.110)	Data 0.847 (0.859)	Loss 0.1242 (0.1455)	Prec 0.876 (0.855)	
Epoch: [0][181/849]	Time 2.033 (2.110)	Data 0.845 (0.859)	Loss 0.1115 (0.1453)	Prec 0.889 (0.855)	
Epoch: [0][182/849]	Time 2.035 (2.109)	Data 0.845 (0.859)	Loss 0.1191 (0.1451)	Prec 0.881 (0.855)	
Epoch: [0][183/849]	Time 2.034 (2.109)	Data 0.844 (0.859)	Loss 0.1197 (0.1450)	Prec 0.880 (0.855)	
Epoch: [0][184/849]	Time 2.035 (2.108)	Data 0.845 (0.859)	Loss 0.1175 (0.1448)	Prec 0.882 (0.855)	
Epoch: [0][185/849]	Time 2.036 (2.108)	Data 0.846 (0.858)	Loss 0.1293 (0.1448)	Prec 0.871 (0.855)	
Epoch: [0][186/849]	Time 2.037 (2.108)	Data 0.844 (0.858)	Loss 0.1378 (0.1447)	Prec 0.862 (0.855)	
Epoch: [0][187/849]	Time 2.034 (2.107)	Data 0.845 (0.858)	Loss 0.1292 (0.1446)	Prec 0.871 (0.855)	
Epoch: [0][188/849]	Time 2.035 (2.107)	Data 0.845 (0.858)	Loss 0.1197 (0.1445)	Prec 0.880 (0.855)	
Epoch: [0][189/849]	Time 2.035 (2.106)	Data 0.845 (0.858)	Loss 0.1279 (0.1444)	Prec 0.872 (0.856)	
Epoch: [0][190/849]	Time 2.035 (2.106)	Data 0.844 (0.858)	Loss 0.1179 (0.1443)	Prec 0.882 (0.856)	
Epoch: [0][191/849]	Time 2.033 (2.106)	Data 0.845 (0.858)	Loss 0.1168 (0.1441)	Prec 0.883 (0.856)	
Epoch: [0][192/849]	Time 2.033 (2.105)	Data 0.845 (0.858)	Loss 0.1243 (0.1440)	Prec 0.876 (0.856)	
Epoch: [0][193/849]	Time 2.033 (2.105)	Data 0.844 (0.858)	Loss 0.1258 (0.1439)	Prec 0.874 (0.856)	
Epoch: [0][194/849]	Time 2.032 (2.105)	Data 0.845 (0.858)	Loss 0.1224 (0.1438)	Prec 0.878 (0.856)	
Epoch: [0][195/849]	Time 2.035 (2.104)	Data 0.845 (0.858)	Loss 0.1296 (0.1438)	Prec 0.870 (0.856)	
Epoch: [0][196/849]	Time 2.037 (2.104)	Data 0.845 (0.858)	Loss 0.1262 (0.1437)	Prec 0.874 (0.856)	
Epoch: [0][197/849]	Time 2.032 (2.103)	Data 0.844 (0.858)	Loss 0.1168 (0.1435)	Prec 0.883 (0.856)	
Epoch: [0][198/849]	Time 2.037 (2.103)	Data 0.846 (0.858)	Loss 0.1330 (0.1435)	Prec 0.867 (0.857)	
Epoch: [0][199/849]	Time 2.035 (2.103)	Data 0.845 (0.858)	Loss 0.1219 (0.1434)	Prec 0.878 (0.857)	
Epoch: [0][200/849]	Time 2.035 (2.102)	Data 0.844 (0.857)	Loss 0.1294 (0.1433)	Prec 0.871 (0.857)	
Epoch: [0][201/849]	Time 2.033 (2.102)	Data 0.845 (0.857)	Loss 0.1233 (0.1432)	Prec 0.877 (0.857)	
Epoch: [0][202/849]	Time 2.036 (2.102)	Data 0.846 (0.857)	Loss 0.1206 (0.1431)	Prec 0.879 (0.857)	
Epoch: [0][203/849]	Time 2.035 (2.101)	Data 0.844 (0.857)	Loss 0.1200 (0.1430)	Prec 0.880 (0.857)	
Epoch: [0][204/849]	Time 2.032 (2.101)	Data 0.844 (0.857)	Loss 0.1325 (0.1429)	Prec 0.868 (0.857)	
Epoch: [0][205/849]	Time 2.037 (2.101)	Data 0.847 (0.857)	Loss 0.1332 (0.1429)	Prec 0.867 (0.857)	
Epoch: [0][206/849]	Time 2.037 (2.101)	Data 0.846 (0.857)	Loss 0.1236 (0.1428)	Prec 0.876 (0.857)	
Epoch: [0][207/849]	Time 2.035 (2.100)	Data 0.845 (0.857)	Loss 0.1256 (0.1427)	Prec 0.874 (0.857)	
Epoch: [0][208/849]	Time 2.035 (2.100)	Data 0.845 (0.857)	Loss 0.1269 (0.1426)	Prec 0.873 (0.857)	
Epoch: [0][209/849]	Time 2.034 (2.100)	Data 0.846 (0.857)	Loss 0.1243 (0.1425)	Prec 0.876 (0.857)	
Epoch: [0][210/849]	Time 2.031 (2.099)	Data 0.844 (0.857)	Loss 0.1297 (0.1425)	Prec 0.870 (0.858)	
Epoch: [0][211/849]	Time 2.036 (2.099)	Data 0.846 (0.857)	Loss 0.1277 (0.1424)	Prec 0.872 (0.858)	
Epoch: [0][212/849]	Time 2.033 (2.099)	Data 0.846 (0.857)	Loss 0.1247 (0.1423)	Prec 0.875 (0.858)	
Epoch: [0][213/849]	Time 2.036 (2.098)	Data 0.845 (0.857)	Loss 0.1233 (0.1422)	Prec 0.877 (0.858)	
Epoch: [0][214/849]	Time 2.037 (2.098)	Data 0.845 (0.857)	Loss 0.1350 (0.1422)	Prec 0.865 (0.858)	
Epoch: [0][215/849]	Time 2.034 (2.098)	Data 0.844 (0.857)	Loss 0.1199 (0.1421)	Prec 0.880 (0.858)	
Epoch: [0][216/849]	Time 2.036 (2.097)	Data 0.845 (0.857)	Loss 0.1249 (0.1420)	Prec 0.875 (0.858)	
Epoch: [0][217/849]	Time 2.035 (2.097)	Data 0.845 (0.856)	Loss 0.1129 (0.1419)	Prec 0.887 (0.858)	
Epoch: [0][218/849]	Time 2.034 (2.097)	Data 0.845 (0.856)	Loss 0.1142 (0.1418)	Prec 0.886 (0.858)	
Epoch: [0][219/849]	Time 2.036 (2.097)	Data 0.846 (0.856)	Loss 0.1099 (0.1416)	Prec 0.890 (0.858)	
Epoch: [0][220/849]	Time 2.035 (2.096)	Data 0.845 (0.856)	Loss 0.1165 (0.1415)	Prec 0.883 (0.859)	
Epoch: [0][221/849]	Time 2.035 (2.096)	Data 0.845 (0.856)	Loss 0.1183 (0.1414)	Prec 0.882 (0.859)	
Epoch: [0][222/849]	Time 2.033 (2.096)	Data 0.845 (0.856)	Loss 0.1229 (0.1413)	Prec 0.877 (0.859)	
Epoch: [0][223/849]	Time 2.040 (2.096)	Data 0.847 (0.856)	Loss 0.1252 (0.1412)	Prec 0.875 (0.859)	
Epoch: [0][224/849]	Time 2.035 (2.095)	Data 0.844 (0.856)	Loss 0.1184 (0.1411)	Prec 0.882 (0.859)	
Epoch: [0][225/849]	Time 2.034 (2.095)	Data 0.844 (0.856)	Loss 0.1286 (0.1411)	Prec 0.871 (0.859)	
Epoch: [0][226/849]	Time 2.036 (2.095)	Data 0.845 (0.856)	Loss 0.1240 (0.1410)	Prec 0.876 (0.859)	
Epoch: [0][227/849]	Time 2.036 (2.094)	Data 0.846 (0.856)	Loss 0.1160 (0.1409)	Prec 0.884 (0.859)	
Epoch: [0][228/849]	Time 2.033 (2.094)	Data 0.845 (0.856)	Loss 0.1177 (0.1408)	Prec 0.882 (0.859)	
Epoch: [0][229/849]	Time 2.034 (2.094)	Data 0.846 (0.856)	Loss 0.1213 (0.1407)	Prec 0.879 (0.859)	
Epoch: [0][230/849]	Time 2.032 (2.094)	Data 0.844 (0.856)	Loss 0.1137 (0.1406)	Prec 0.886 (0.859)	
Epoch: [0][231/849]	Time 2.033 (2.093)	Data 0.843 (0.856)	Loss 0.1253 (0.1405)	Prec 0.875 (0.859)	
Epoch: [0][232/849]	Time 2.036 (2.093)	Data 0.845 (0.856)	Loss 0.1196 (0.1404)	Prec 0.880 (0.860)	
Epoch: [0][233/849]	Time 2.036 (2.093)	Data 0.846 (0.856)	Loss 0.1235 (0.1404)	Prec 0.877 (0.860)	
Epoch: [0][234/849]	Time 2.034 (2.093)	Data 0.844 (0.856)	Loss 0.1175 (0.1403)	Prec 0.883 (0.860)	
Epoch: [0][235/849]	Time 2.034 (2.092)	Data 0.844 (0.856)	Loss 0.1252 (0.1402)	Prec 0.875 (0.860)	
Epoch: [0][236/849]	Time 2.032 (2.092)	Data 0.844 (0.856)	Loss 0.1190 (0.1401)	Prec 0.881 (0.860)	
Epoch: [0][237/849]	Time 2.037 (2.092)	Data 0.846 (0.856)	Loss 0.1129 (0.1400)	Prec 0.887 (0.860)	
Epoch: [0][238/849]	Time 2.037 (2.092)	Data 0.845 (0.855)	Loss 0.1139 (0.1399)	Prec 0.886 (0.860)	
Epoch: [0][239/849]	Time 2.034 (2.091)	Data 0.844 (0.855)	Loss 0.1259 (0.1398)	Prec 0.874 (0.860)	
Epoch: [0][240/849]	Time 2.036 (2.091)	Data 0.846 (0.855)	Loss 0.1230 (0.1398)	Prec 0.877 (0.860)	
Epoch: [0][241/849]	Time 2.033 (2.091)	Data 0.844 (0.855)	Loss 0.1168 (0.1397)	Prec 0.883 (0.860)	
Epoch: [0][242/849]	Time 2.034 (2.091)	Data 0.845 (0.855)	Loss 0.1229 (0.1396)	Prec 0.877 (0.860)	
Epoch: [0][243/849]	Time 2.036 (2.091)	Data 0.844 (0.855)	Loss 0.1203 (0.1395)	Prec 0.880 (0.860)	
Epoch: [0][244/849]	Time 2.035 (2.090)	Data 0.845 (0.855)	Loss 0.1163 (0.1394)	Prec 0.884 (0.861)	
Epoch: [0][245/849]	Time 2.036 (2.090)	Data 0.845 (0.855)	Loss 0.1122 (0.1393)	Prec 0.888 (0.861)	
Epoch: [0][246/849]	Time 2.035 (2.090)	Data 0.845 (0.855)	Loss 0.1180 (0.1392)	Prec 0.882 (0.861)	
Epoch: [0][247/849]	Time 2.037 (2.090)	Data 0.845 (0.855)	Loss 0.1197 (0.1392)	Prec 0.880 (0.861)	
Epoch: [0][248/849]	Time 2.035 (2.089)	Data 0.846 (0.855)	Loss 0.1174 (0.1391)	Prec 0.883 (0.861)	
Epoch: [0][249/849]	Time 2.034 (2.089)	Data 0.844 (0.855)	Loss 0.1179 (0.1390)	Prec 0.882 (0.861)	
Epoch: [0][250/849]	Time 2.039 (2.089)	Data 0.847 (0.855)	Loss 0.1223 (0.1389)	Prec 0.878 (0.861)	
Epoch: [0][251/849]	Time 2.036 (2.089)	Data 0.845 (0.855)	Loss 0.1207 (0.1388)	Prec 0.879 (0.861)	
Epoch: [0][252/849]	Time 2.035 (2.089)	Data 0.844 (0.855)	Loss 0.1145 (0.1387)	Prec 0.885 (0.861)	
Epoch: [0][253/849]	Time 2.037 (2.088)	Data 0.845 (0.855)	Loss 0.1312 (0.1387)	Prec 0.869 (0.861)	
Epoch: [0][254/849]	Time 2.034 (2.088)	Data 0.845 (0.855)	Loss 0.1163 (0.1386)	Prec 0.884 (0.861)	
Epoch: [0][255/849]	Time 2.035 (2.088)	Data 0.845 (0.855)	Loss 0.1298 (0.1386)	Prec 0.870 (0.861)	
Epoch: [0][256/849]	Time 2.037 (2.088)	Data 0.844 (0.855)	Loss 0.1271 (0.1385)	Prec 0.873 (0.861)	
Epoch: [0][257/849]	Time 2.034 (2.088)	Data 0.844 (0.855)	Loss 0.1209 (0.1385)	Prec 0.879 (0.862)	
Epoch: [0][258/849]	Time 2.033 (2.087)	Data 0.845 (0.855)	Loss 0.1107 (0.1384)	Prec 0.889 (0.862)	
Epoch: [0][259/849]	Time 2.032 (2.087)	Data 0.845 (0.855)	Loss 0.1248 (0.1383)	Prec 0.875 (0.862)	
Epoch: [0][260/849]	Time 2.038 (2.087)	Data 0.846 (0.855)	Loss 0.1211 (0.1383)	Prec 0.879 (0.862)	
Epoch: [0][261/849]	Time 2.037 (2.087)	Data 0.845 (0.855)	Loss 0.1168 (0.1382)	Prec 0.883 (0.862)	
Epoch: [0][262/849]	Time 2.038 (2.087)	Data 0.845 (0.855)	Loss 0.1323 (0.1381)	Prec 0.868 (0.862)	
Epoch: [0][263/849]	Time 2.035 (2.086)	Data 0.845 (0.854)	Loss 0.1258 (0.1381)	Prec 0.874 (0.862)	
Epoch: [0][264/849]	Time 2.033 (2.086)	Data 0.846 (0.854)	Loss 0.1230 (0.1380)	Prec 0.877 (0.862)	
Epoch: [0][265/849]	Time 2.037 (2.086)	Data 0.845 (0.854)	Loss 0.1253 (0.1380)	Prec 0.875 (0.862)	
Epoch: [0][266/849]	Time 2.033 (2.086)	Data 0.845 (0.854)	Loss 0.1205 (0.1379)	Prec 0.880 (0.862)	
Epoch: [0][267/849]	Time 2.034 (2.086)	Data 0.845 (0.854)	Loss 0.1257 (0.1379)	Prec 0.874 (0.862)	
Epoch: [0][268/849]	Time 2.037 (2.085)	Data 0.845 (0.854)	Loss 0.1213 (0.1378)	Prec 0.879 (0.862)	
Epoch: [0][269/849]	Time 2.037 (2.085)	Data 0.846 (0.854)	Loss 0.1130 (0.1377)	Prec 0.887 (0.862)	
Epoch: [0][270/849]	Time 2.034 (2.085)	Data 0.845 (0.854)	Loss 0.1226 (0.1377)	Prec 0.877 (0.862)	
Epoch: [0][271/849]	Time 2.037 (2.085)	Data 0.846 (0.854)	Loss 0.1105 (0.1376)	Prec 0.890 (0.862)	
Epoch: [0][272/849]	Time 2.038 (2.085)	Data 0.845 (0.854)	Loss 0.1182 (0.1375)	Prec 0.882 (0.862)	
Epoch: [0][273/849]	Time 2.036 (2.085)	Data 0.847 (0.854)	Loss 0.1112 (0.1374)	Prec 0.889 (0.863)	
Epoch: [0][274/849]	Time 2.037 (2.084)	Data 0.845 (0.854)	Loss 0.1280 (0.1374)	Prec 0.872 (0.863)	
Epoch: [0][275/849]	Time 2.038 (2.084)	Data 0.845 (0.854)	Loss 0.1159 (0.1373)	Prec 0.884 (0.863)	
Epoch: [0][276/849]	Time 2.036 (2.084)	Data 0.844 (0.854)	Loss 0.1208 (0.1372)	Prec 0.879 (0.863)	
Epoch: [0][277/849]	Time 2.040 (2.084)	Data 0.846 (0.854)	Loss 0.1128 (0.1372)	Prec 0.887 (0.863)	
Epoch: [0][278/849]	Time 2.035 (2.084)	Data 0.847 (0.854)	Loss 0.1221 (0.1371)	Prec 0.878 (0.863)	
Epoch: [0][279/849]	Time 2.037 (2.084)	Data 0.848 (0.854)	Loss 0.1159 (0.1370)	Prec 0.884 (0.863)	
Epoch: [0][280/849]	Time 2.034 (2.083)	Data 0.844 (0.854)	Loss 0.1149 (0.1369)	Prec 0.885 (0.863)	
Epoch: [0][281/849]	Time 2.039 (2.083)	Data 0.847 (0.854)	Loss 0.1136 (0.1369)	Prec 0.886 (0.863)	
Epoch: [0][282/849]	Time 2.033 (2.083)	Data 0.845 (0.854)	Loss 0.1194 (0.1368)	Prec 0.881 (0.863)	
Epoch: [0][283/849]	Time 2.033 (2.083)	Data 0.845 (0.854)	Loss 0.1133 (0.1367)	Prec 0.887 (0.863)	
Epoch: [0][284/849]	Time 2.037 (2.083)	Data 0.847 (0.854)	Loss 0.1268 (0.1367)	Prec 0.873 (0.863)	
Epoch: [0][285/849]	Time 2.035 (2.083)	Data 0.845 (0.854)	Loss 0.1176 (0.1366)	Prec 0.882 (0.863)	
Epoch: [0][286/849]	Time 2.035 (2.082)	Data 0.845 (0.854)	Loss 0.1229 (0.1366)	Prec 0.877 (0.863)	
Epoch: [0][287/849]	Time 2.035 (2.082)	Data 0.844 (0.854)	Loss 0.1206 (0.1365)	Prec 0.879 (0.863)	
Epoch: [0][288/849]	Time 2.035 (2.082)	Data 0.845 (0.854)	Loss 0.1240 (0.1365)	Prec 0.876 (0.864)	
Epoch: [0][289/849]	Time 2.036 (2.082)	Data 0.845 (0.854)	Loss 0.1071 (0.1364)	Prec 0.893 (0.864)	
Epoch: [0][290/849]	Time 2.037 (2.082)	Data 0.846 (0.854)	Loss 0.1231 (0.1363)	Prec 0.877 (0.864)	
Epoch: [0][291/849]	Time 2.035 (2.082)	Data 0.844 (0.854)	Loss 0.1146 (0.1362)	Prec 0.885 (0.864)	
Epoch: [0][292/849]	Time 2.036 (2.081)	Data 0.846 (0.854)	Loss 0.1198 (0.1362)	Prec 0.880 (0.864)	
Epoch: [0][293/849]	Time 2.036 (2.081)	Data 0.845 (0.854)	Loss 0.1166 (0.1361)	Prec 0.883 (0.864)	
Epoch: [0][294/849]	Time 2.036 (2.081)	Data 0.846 (0.854)	Loss 0.1199 (0.1361)	Prec 0.880 (0.864)	
Epoch: [0][295/849]	Time 2.038 (2.081)	Data 0.846 (0.854)	Loss 0.1182 (0.1360)	Prec 0.882 (0.864)	
Epoch: [0][296/849]	Time 2.035 (2.081)	Data 0.845 (0.853)	Loss 0.1253 (0.1360)	Prec 0.875 (0.864)	
Epoch: [0][297/849]	Time 2.035 (2.081)	Data 0.845 (0.853)	Loss 0.1297 (0.1360)	Prec 0.870 (0.864)	
Epoch: [0][298/849]	Time 2.036 (2.080)	Data 0.845 (0.853)	Loss 0.1174 (0.1359)	Prec 0.883 (0.864)	
Epoch: [0][299/849]	Time 2.039 (2.080)	Data 0.847 (0.853)	Loss 0.1250 (0.1359)	Prec 0.875 (0.864)	
Epoch: [0][300/849]	Time 2.038 (2.080)	Data 0.846 (0.853)	Loss 0.1241 (0.1358)	Prec 0.876 (0.864)	
Epoch: [0][301/849]	Time 2.034 (2.080)	Data 0.846 (0.853)	Loss 0.1266 (0.1358)	Prec 0.873 (0.864)	
Epoch: [0][302/849]	Time 2.036 (2.080)	Data 0.845 (0.853)	Loss 0.1211 (0.1357)	Prec 0.879 (0.864)	
Epoch: [0][303/849]	Time 2.036 (2.080)	Data 0.846 (0.853)	Loss 0.1285 (0.1357)	Prec 0.872 (0.864)	
Epoch: [0][304/849]	Time 2.035 (2.080)	Data 0.845 (0.853)	Loss 0.1250 (0.1357)	Prec 0.875 (0.864)	
Epoch: [0][305/849]	Time 2.037 (2.079)	Data 0.846 (0.853)	Loss 0.1212 (0.1356)	Prec 0.879 (0.864)	
Epoch: [0][306/849]	Time 2.036 (2.079)	Data 0.847 (0.853)	Loss 0.1209 (0.1356)	Prec 0.879 (0.864)	
Epoch: [0][307/849]	Time 2.034 (2.079)	Data 0.846 (0.853)	Loss 0.1272 (0.1356)	Prec 0.873 (0.864)	
Epoch: [0][308/849]	Time 2.035 (2.079)	Data 0.846 (0.853)	Loss 0.1258 (0.1355)	Prec 0.874 (0.864)	
Epoch: [0][309/849]	Time 2.035 (2.079)	Data 0.845 (0.853)	Loss 0.1183 (0.1355)	Prec 0.882 (0.865)	
Epoch: [0][310/849]	Time 2.037 (2.079)	Data 0.845 (0.853)	Loss 0.1217 (0.1354)	Prec 0.878 (0.865)	
Epoch: [0][311/849]	Time 2.035 (2.079)	Data 0.846 (0.853)	Loss 0.1139 (0.1354)	Prec 0.886 (0.865)	
Epoch: [0][312/849]	Time 2.034 (2.078)	Data 0.846 (0.853)	Loss 0.1191 (0.1353)	Prec 0.881 (0.865)	
Epoch: [0][313/849]	Time 2.033 (2.078)	Data 0.845 (0.853)	Loss 0.1291 (0.1353)	Prec 0.871 (0.865)	
Epoch: [0][314/849]	Time 2.035 (2.078)	Data 0.845 (0.853)	Loss 0.1240 (0.1352)	Prec 0.876 (0.865)	
Epoch: [0][315/849]	Time 2.038 (2.078)	Data 0.846 (0.853)	Loss 0.1188 (0.1352)	Prec 0.881 (0.865)	
Epoch: [0][316/849]	Time 2.035 (2.078)	Data 0.844 (0.853)	Loss 0.1162 (0.1351)	Prec 0.884 (0.865)	
Epoch: [0][317/849]	Time 2.033 (2.078)	Data 0.844 (0.853)	Loss 0.1243 (0.1351)	Prec 0.876 (0.865)	
Epoch: [0][318/849]	Time 2.037 (2.078)	Data 0.847 (0.853)	Loss 0.1185 (0.1350)	Prec 0.881 (0.865)	
Epoch: [0][319/849]	Time 2.034 (2.078)	Data 0.843 (0.853)	Loss 0.1131 (0.1350)	Prec 0.887 (0.865)	
Epoch: [0][320/849]	Time 2.038 (2.077)	Data 0.847 (0.853)	Loss 0.1200 (0.1349)	Prec 0.880 (0.865)	
Epoch: [0][321/849]	Time 2.034 (2.077)	Data 0.845 (0.853)	Loss 0.1269 (0.1349)	Prec 0.873 (0.865)	
Epoch: [0][322/849]	Time 2.038 (2.077)	Data 0.846 (0.853)	Loss 0.1222 (0.1349)	Prec 0.878 (0.865)	
Epoch: [0][323/849]	Time 2.034 (2.077)	Data 0.845 (0.853)	Loss 0.1195 (0.1348)	Prec 0.881 (0.865)	
Epoch: [0][324/849]	Time 2.032 (2.077)	Data 0.845 (0.853)	Loss 0.1276 (0.1348)	Prec 0.872 (0.865)	
Epoch: [0][325/849]	Time 2.035 (2.077)	Data 0.846 (0.853)	Loss 0.1242 (0.1348)	Prec 0.876 (0.865)	
Epoch: [0][326/849]	Time 2.039 (2.077)	Data 0.848 (0.853)	Loss 0.1321 (0.1348)	Prec 0.868 (0.865)	
Epoch: [0][327/849]	Time 2.035 (2.077)	Data 0.846 (0.853)	Loss 0.1182 (0.1347)	Prec 0.882 (0.865)	
Epoch: [0][328/849]	Time 2.034 (2.076)	Data 0.845 (0.853)	Loss 0.1231 (0.1347)	Prec 0.877 (0.865)	
Epoch: [0][329/849]	Time 2.036 (2.076)	Data 0.844 (0.853)	Loss 0.1109 (0.1346)	Prec 0.889 (0.865)	
Epoch: [0][330/849]	Time 2.036 (2.076)	Data 0.846 (0.853)	Loss 0.1164 (0.1345)	Prec 0.884 (0.865)	
Epoch: [0][331/849]	Time 2.037 (2.076)	Data 0.846 (0.853)	Loss 0.1323 (0.1345)	Prec 0.868 (0.865)	
Epoch: [0][332/849]	Time 2.039 (2.076)	Data 0.846 (0.853)	Loss 0.1160 (0.1345)	Prec 0.884 (0.866)	
Epoch: [0][333/849]	Time 2.033 (2.076)	Data 0.845 (0.853)	Loss 0.1169 (0.1344)	Prec 0.883 (0.866)	
Epoch: [0][334/849]	Time 2.036 (2.076)	Data 0.845 (0.853)	Loss 0.1084 (0.1344)	Prec 0.892 (0.866)	
Epoch: [0][335/849]	Time 2.033 (2.076)	Data 0.844 (0.853)	Loss 0.1212 (0.1343)	Prec 0.879 (0.866)	
Epoch: [0][336/849]	Time 2.040 (2.075)	Data 0.848 (0.853)	Loss 0.1190 (0.1343)	Prec 0.881 (0.866)	
Epoch: [0][337/849]	Time 2.035 (2.075)	Data 0.845 (0.853)	Loss 0.1245 (0.1342)	Prec 0.875 (0.866)	
Epoch: [0][338/849]	Time 2.071 (2.075)	Data 0.846 (0.853)	Loss 0.1297 (0.1342)	Prec 0.870 (0.866)	
Epoch: [0][339/849]	Time 2.033 (2.075)	Data 0.846 (0.852)	Loss 0.1154 (0.1342)	Prec 0.885 (0.866)	
Epoch: [0][340/849]	Time 2.036 (2.075)	Data 0.845 (0.852)	Loss 0.1082 (0.1341)	Prec 0.892 (0.866)	
Epoch: [0][341/849]	Time 2.036 (2.075)	Data 0.845 (0.852)	Loss 0.1322 (0.1341)	Prec 0.868 (0.866)	
Epoch: [0][342/849]	Time 2.052 (2.075)	Data 0.864 (0.852)	Loss 0.1220 (0.1341)	Prec 0.878 (0.866)	
Epoch: [0][343/849]	Time 2.037 (2.075)	Data 0.847 (0.852)	Loss 0.1219 (0.1340)	Prec 0.878 (0.866)	
Epoch: [0][344/849]	Time 2.035 (2.075)	Data 0.845 (0.852)	Loss 0.1346 (0.1340)	Prec 0.865 (0.866)	
Epoch: [0][345/849]	Time 2.036 (2.075)	Data 0.845 (0.852)	Loss 0.1191 (0.1340)	Prec 0.881 (0.866)	
Epoch: [0][346/849]	Time 2.036 (2.074)	Data 0.845 (0.852)	Loss 0.1205 (0.1339)	Prec 0.879 (0.866)	
Epoch: [0][347/849]	Time 2.038 (2.074)	Data 0.847 (0.852)	Loss 0.1198 (0.1339)	Prec 0.880 (0.866)	
Epoch: [0][348/849]	Time 2.036 (2.074)	Data 0.847 (0.852)	Loss 0.1146 (0.1338)	Prec 0.885 (0.866)	
Epoch: [0][349/849]	Time 2.035 (2.074)	Data 0.846 (0.852)	Loss 0.1305 (0.1338)	Prec 0.869 (0.866)	
Epoch: [0][350/849]	Time 2.034 (2.074)	Data 0.845 (0.852)	Loss 0.1199 (0.1338)	Prec 0.880 (0.866)	
Epoch: [0][351/849]	Time 2.037 (2.074)	Data 0.846 (0.852)	Loss 0.1263 (0.1338)	Prec 0.874 (0.866)	
Epoch: [0][352/849]	Time 2.037 (2.074)	Data 0.846 (0.852)	Loss 0.1287 (0.1338)	Prec 0.871 (0.866)	
Epoch: [0][353/849]	Time 2.036 (2.074)	Data 0.844 (0.852)	Loss 0.1329 (0.1338)	Prec 0.867 (0.866)	
Epoch: [0][354/849]	Time 2.037 (2.074)	Data 0.846 (0.852)	Loss 0.1124 (0.1337)	Prec 0.888 (0.866)	
Epoch: [0][355/849]	Time 2.040 (2.073)	Data 0.848 (0.852)	Loss 0.1149 (0.1336)	Prec 0.885 (0.866)	
Epoch: [0][356/849]	Time 2.065 (2.073)	Data 0.877 (0.852)	Loss 0.1205 (0.1336)	Prec 0.880 (0.866)	
Epoch: [0][357/849]	Time 2.033 (2.073)	Data 0.845 (0.852)	Loss 0.1335 (0.1336)	Prec 0.867 (0.866)	
Epoch: [0][358/849]	Time 2.034 (2.073)	Data 0.845 (0.852)	Loss 0.1234 (0.1336)	Prec 0.877 (0.866)	
Epoch: [0][359/849]	Time 2.035 (2.073)	Data 0.844 (0.852)	Loss 0.1201 (0.1335)	Prec 0.880 (0.866)	
Epoch: [0][360/849]	Time 2.033 (2.073)	Data 0.844 (0.852)	Loss 0.1197 (0.1335)	Prec 0.880 (0.867)	
Epoch: [0][361/849]	Time 2.036 (2.073)	Data 0.844 (0.852)	Loss 0.1300 (0.1335)	Prec 0.870 (0.867)	
Epoch: [0][362/849]	Time 2.033 (2.073)	Data 0.845 (0.852)	Loss 0.1176 (0.1334)	Prec 0.882 (0.867)	
Epoch: [0][363/849]	Time 2.036 (2.073)	Data 0.845 (0.852)	Loss 0.1227 (0.1334)	Prec 0.877 (0.867)	
Epoch: [0][364/849]	Time 2.036 (2.073)	Data 0.847 (0.852)	Loss 0.1164 (0.1334)	Prec 0.884 (0.867)	
Epoch: [0][365/849]	Time 2.038 (2.073)	Data 0.847 (0.852)	Loss 0.1168 (0.1333)	Prec 0.883 (0.867)	
Epoch: [0][366/849]	Time 2.034 (2.072)	Data 0.846 (0.852)	Loss 0.1213 (0.1333)	Prec 0.879 (0.867)	
Epoch: [0][367/849]	Time 2.036 (2.072)	Data 0.845 (0.852)	Loss 0.1244 (0.1333)	Prec 0.876 (0.867)	
Epoch: [0][368/849]	Time 2.035 (2.072)	Data 0.845 (0.852)	Loss 0.1276 (0.1333)	Prec 0.872 (0.867)	
Epoch: [0][369/849]	Time 2.039 (2.072)	Data 0.846 (0.852)	Loss 0.1222 (0.1332)	Prec 0.878 (0.867)	
Epoch: [0][370/849]	Time 2.034 (2.072)	Data 0.846 (0.852)	Loss 0.1275 (0.1332)	Prec 0.873 (0.867)	
Epoch: [0][371/849]	Time 2.035 (2.072)	Data 0.846 (0.852)	Loss 0.1301 (0.1332)	Prec 0.870 (0.867)	
Epoch: [0][372/849]	Time 2.036 (2.072)	Data 0.846 (0.852)	Loss 0.1273 (0.1332)	Prec 0.873 (0.867)	
Epoch: [0][373/849]	Time 2.036 (2.072)	Data 0.845 (0.852)	Loss 0.1195 (0.1331)	Prec 0.880 (0.867)	
Epoch: [0][374/849]	Time 2.063 (2.072)	Data 0.845 (0.852)	Loss 0.1234 (0.1331)	Prec 0.877 (0.867)	
Epoch: [0][375/849]	Time 2.036 (2.072)	Data 0.844 (0.852)	Loss 0.1191 (0.1331)	Prec 0.881 (0.867)	
Epoch: [0][376/849]	Time 2.038 (2.072)	Data 0.845 (0.852)	Loss 0.1181 (0.1330)	Prec 0.882 (0.867)	
Epoch: [0][377/849]	Time 2.035 (2.071)	Data 0.844 (0.852)	Loss 0.1185 (0.1330)	Prec 0.882 (0.867)	
Epoch: [0][378/849]	Time 2.034 (2.071)	Data 0.845 (0.852)	Loss 0.1126 (0.1330)	Prec 0.887 (0.867)	
Epoch: [0][379/849]	Time 2.035 (2.071)	Data 0.846 (0.852)	Loss 0.1141 (0.1329)	Prec 0.886 (0.867)	
Epoch: [0][380/849]	Time 2.037 (2.071)	Data 0.847 (0.852)	Loss 0.1159 (0.1329)	Prec 0.884 (0.867)	
Epoch: [0][381/849]	Time 2.035 (2.071)	Data 0.845 (0.852)	Loss 0.1142 (0.1328)	Prec 0.886 (0.867)	
Epoch: [0][382/849]	Time 2.038 (2.071)	Data 0.845 (0.852)	Loss 0.1187 (0.1328)	Prec 0.881 (0.867)	
Epoch: [0][383/849]	Time 2.039 (2.071)	Data 0.847 (0.852)	Loss 0.1260 (0.1328)	Prec 0.874 (0.867)	
Epoch: [0][384/849]	Time 2.036 (2.071)	Data 0.846 (0.852)	Loss 0.1228 (0.1327)	Prec 0.877 (0.867)	
Epoch: [0][385/849]	Time 2.035 (2.071)	Data 0.845 (0.852)	Loss 0.1284 (0.1327)	Prec 0.872 (0.867)	
Epoch: [0][386/849]	Time 2.036 (2.071)	Data 0.846 (0.852)	Loss 0.1101 (0.1327)	Prec 0.890 (0.867)	
Epoch: [0][387/849]	Time 2.038 (2.071)	Data 0.846 (0.852)	Loss 0.1290 (0.1326)	Prec 0.871 (0.867)	
Epoch: [0][388/849]	Time 2.037 (2.070)	Data 0.845 (0.852)	Loss 0.1216 (0.1326)	Prec 0.878 (0.867)	
Epoch: [0][389/849]	Time 2.038 (2.070)	Data 0.845 (0.852)	Loss 0.1180 (0.1326)	Prec 0.882 (0.867)	
Epoch: [0][390/849]	Time 2.038 (2.070)	Data 0.846 (0.852)	Loss 0.1282 (0.1326)	Prec 0.872 (0.867)	
Epoch: [0][391/849]	Time 2.038 (2.070)	Data 0.846 (0.852)	Loss 0.1126 (0.1325)	Prec 0.887 (0.867)	
Epoch: [0][392/849]	Time 2.043 (2.070)	Data 0.853 (0.852)	Loss 0.1229 (0.1325)	Prec 0.877 (0.868)	
Epoch: [0][393/849]	Time 2.040 (2.070)	Data 0.848 (0.852)	Loss 0.1185 (0.1325)	Prec 0.882 (0.868)	
Epoch: [0][394/849]	Time 2.036 (2.070)	Data 0.845 (0.852)	Loss 0.1221 (0.1324)	Prec 0.878 (0.868)	
Epoch: [0][395/849]	Time 2.037 (2.070)	Data 0.845 (0.852)	Loss 0.1180 (0.1324)	Prec 0.882 (0.868)	
Epoch: [0][396/849]	Time 2.036 (2.070)	Data 0.845 (0.852)	Loss 0.1245 (0.1324)	Prec 0.876 (0.868)	
Epoch: [0][397/849]	Time 2.038 (2.070)	Data 0.847 (0.852)	Loss 0.1196 (0.1323)	Prec 0.880 (0.868)	
Epoch: [0][398/849]	Time 2.037 (2.070)	Data 0.847 (0.852)	Loss 0.1233 (0.1323)	Prec 0.877 (0.868)	
Epoch: [0][399/849]	Time 2.037 (2.070)	Data 0.847 (0.852)	Loss 0.1180 (0.1323)	Prec 0.882 (0.868)	
Epoch: [0][400/849]	Time 2.036 (2.069)	Data 0.844 (0.852)	Loss 0.1184 (0.1323)	Prec 0.882 (0.868)	
Epoch: [0][401/849]	Time 2.037 (2.069)	Data 0.845 (0.852)	Loss 0.1158 (0.1322)	Prec 0.884 (0.868)	
Epoch: [0][402/849]	Time 2.037 (2.069)	Data 0.849 (0.852)	Loss 0.1267 (0.1322)	Prec 0.873 (0.868)	
Epoch: [0][403/849]	Time 2.036 (2.069)	Data 0.845 (0.852)	Loss 0.1149 (0.1322)	Prec 0.885 (0.868)	
Epoch: [0][404/849]	Time 2.038 (2.069)	Data 0.845 (0.852)	Loss 0.1255 (0.1321)	Prec 0.874 (0.868)	
Epoch: [0][405/849]	Time 2.038 (2.069)	Data 0.846 (0.852)	Loss 0.1224 (0.1321)	Prec 0.878 (0.868)	
Epoch: [0][406/849]	Time 2.034 (2.069)	Data 0.844 (0.851)	Loss 0.1219 (0.1321)	Prec 0.878 (0.868)	
Epoch: [0][407/849]	Time 2.038 (2.069)	Data 0.845 (0.851)	Loss 0.1307 (0.1321)	Prec 0.869 (0.868)	
Epoch: [0][408/849]	Time 2.037 (2.069)	Data 0.846 (0.851)	Loss 0.1097 (0.1320)	Prec 0.890 (0.868)	
Epoch: [0][409/849]	Time 2.036 (2.069)	Data 0.845 (0.851)	Loss 0.1209 (0.1320)	Prec 0.879 (0.868)	
Epoch: [0][410/849]	Time 2.035 (2.069)	Data 0.845 (0.851)	Loss 0.1306 (0.1320)	Prec 0.869 (0.868)	
Epoch: [0][411/849]	Time 2.035 (2.069)	Data 0.845 (0.851)	Loss 0.1194 (0.1320)	Prec 0.881 (0.868)	
Epoch: [0][412/849]	Time 2.034 (2.068)	Data 0.845 (0.851)	Loss 0.1176 (0.1319)	Prec 0.882 (0.868)	
Epoch: [0][413/849]	Time 2.035 (2.068)	Data 0.845 (0.851)	Loss 0.1015 (0.1319)	Prec 0.898 (0.868)	
Epoch: [0][414/849]	Time 2.035 (2.068)	Data 0.846 (0.851)	Loss 0.1275 (0.1319)	Prec 0.873 (0.868)	
Epoch: [0][415/849]	Time 2.036 (2.068)	Data 0.845 (0.851)	Loss 0.1202 (0.1318)	Prec 0.880 (0.868)	
Epoch: [0][416/849]	Time 2.038 (2.068)	Data 0.847 (0.851)	Loss 0.1158 (0.1318)	Prec 0.884 (0.868)	
Epoch: [0][417/849]	Time 2.038 (2.068)	Data 0.848 (0.851)	Loss 0.1096 (0.1317)	Prec 0.890 (0.868)	
Epoch: [0][418/849]	Time 2.038 (2.068)	Data 0.845 (0.851)	Loss 0.1147 (0.1317)	Prec 0.885 (0.868)	
Epoch: [0][419/849]	Time 2.039 (2.068)	Data 0.847 (0.851)	Loss 0.1229 (0.1317)	Prec 0.877 (0.868)	
Epoch: [0][420/849]	Time 2.034 (2.068)	Data 0.845 (0.851)	Loss 0.1171 (0.1316)	Prec 0.883 (0.868)	
Epoch: [0][421/849]	Time 2.035 (2.068)	Data 0.846 (0.851)	Loss 0.1252 (0.1316)	Prec 0.875 (0.868)	
Epoch: [0][422/849]	Time 2.036 (2.068)	Data 0.846 (0.851)	Loss 0.1178 (0.1316)	Prec 0.882 (0.868)	
Epoch: [0][423/849]	Time 2.035 (2.068)	Data 0.844 (0.851)	Loss 0.1090 (0.1315)	Prec 0.891 (0.868)	
Epoch: [0][424/849]	Time 2.035 (2.068)	Data 0.844 (0.851)	Loss 0.1218 (0.1315)	Prec 0.878 (0.868)	
Epoch: [0][425/849]	Time 2.038 (2.068)	Data 0.846 (0.851)	Loss 0.1196 (0.1315)	Prec 0.880 (0.869)	
Epoch: [0][426/849]	Time 2.035 (2.067)	Data 0.846 (0.851)	Loss 0.1184 (0.1315)	Prec 0.882 (0.869)	
Epoch: [0][427/849]	Time 2.033 (2.067)	Data 0.844 (0.851)	Loss 0.1113 (0.1314)	Prec 0.889 (0.869)	
Epoch: [0][428/849]	Time 2.034 (2.067)	Data 0.844 (0.851)	Loss 0.1226 (0.1314)	Prec 0.877 (0.869)	
Epoch: [0][429/849]	Time 2.036 (2.067)	Data 0.844 (0.851)	Loss 0.1167 (0.1314)	Prec 0.883 (0.869)	
Epoch: [0][430/849]	Time 2.035 (2.067)	Data 0.844 (0.851)	Loss 0.1231 (0.1313)	Prec 0.877 (0.869)	
Epoch: [0][431/849]	Time 2.067 (2.067)	Data 0.845 (0.851)	Loss 0.1227 (0.1313)	Prec 0.877 (0.869)	
Epoch: [0][432/849]	Time 2.003 (2.067)	Data 0.814 (0.851)	Loss 0.1217 (0.1313)	Prec 0.878 (0.869)	
Epoch: [0][433/849]	Time 2.036 (2.067)	Data 0.845 (0.851)	Loss 0.1198 (0.1313)	Prec 0.880 (0.869)	
Epoch: [0][434/849]	Time 2.036 (2.067)	Data 0.845 (0.851)	Loss 0.1201 (0.1312)	Prec 0.880 (0.869)	
Epoch: [0][435/849]	Time 2.036 (2.067)	Data 0.845 (0.851)	Loss 0.1199 (0.1312)	Prec 0.880 (0.869)	
Epoch: [0][436/849]	Time 2.038 (2.067)	Data 0.846 (0.851)	Loss 0.1242 (0.1312)	Prec 0.876 (0.869)	
Epoch: [0][437/849]	Time 2.039 (2.067)	Data 0.847 (0.851)	Loss 0.1170 (0.1312)	Prec 0.883 (0.869)	
Epoch: [0][438/849]	Time 2.035 (2.067)	Data 0.846 (0.851)	Loss 0.1207 (0.1311)	Prec 0.879 (0.869)	
Epoch: [0][439/849]	Time 2.035 (2.066)	Data 0.845 (0.851)	Loss 0.1227 (0.1311)	Prec 0.877 (0.869)	
Epoch: [0][440/849]	Time 2.035 (2.066)	Data 0.844 (0.851)	Loss 0.1120 (0.1311)	Prec 0.888 (0.869)	
Epoch: [0][441/849]	Time 2.036 (2.066)	Data 0.845 (0.851)	Loss 0.1244 (0.1311)	Prec 0.876 (0.869)	
Epoch: [0][442/849]	Time 2.035 (2.066)	Data 0.844 (0.851)	Loss 0.1183 (0.1310)	Prec 0.882 (0.869)	
Epoch: [0][443/849]	Time 2.034 (2.066)	Data 0.844 (0.851)	Loss 0.1216 (0.1310)	Prec 0.878 (0.869)	
Epoch: [0][444/849]	Time 2.037 (2.066)	Data 0.845 (0.851)	Loss 0.1269 (0.1310)	Prec 0.873 (0.869)	
Epoch: [0][445/849]	Time 2.035 (2.066)	Data 0.845 (0.851)	Loss 0.1216 (0.1310)	Prec 0.878 (0.869)	
Epoch: [0][446/849]	Time 2.038 (2.066)	Data 0.847 (0.851)	Loss 0.1201 (0.1310)	Prec 0.880 (0.869)	
Epoch: [0][447/849]	Time 2.035 (2.066)	Data 0.845 (0.851)	Loss 0.1233 (0.1309)	Prec 0.877 (0.869)	
Epoch: [0][448/849]	Time 2.037 (2.066)	Data 0.847 (0.851)	Loss 0.1121 (0.1309)	Prec 0.888 (0.869)	
Epoch: [0][449/849]	Time 2.035 (2.066)	Data 0.845 (0.851)	Loss 0.1220 (0.1309)	Prec 0.878 (0.869)	
Epoch: [0][450/849]	Time 2.035 (2.066)	Data 0.847 (0.851)	Loss 0.1218 (0.1309)	Prec 0.878 (0.869)	
Epoch: [0][451/849]	Time 2.036 (2.066)	Data 0.845 (0.851)	Loss 0.1280 (0.1309)	Prec 0.872 (0.869)	
Epoch: [0][452/849]	Time 2.033 (2.066)	Data 0.845 (0.851)	Loss 0.1251 (0.1308)	Prec 0.875 (0.869)	
Epoch: [0][453/849]	Time 2.036 (2.066)	Data 0.845 (0.851)	Loss 0.1158 (0.1308)	Prec 0.884 (0.869)	
Epoch: [0][454/849]	Time 2.035 (2.065)	Data 0.845 (0.851)	Loss 0.1229 (0.1308)	Prec 0.877 (0.869)	
Epoch: [0][455/849]	Time 2.070 (2.065)	Data 0.845 (0.851)	Loss 0.1166 (0.1308)	Prec 0.883 (0.869)	
Epoch: [0][456/849]	Time 2.001 (2.065)	Data 0.810 (0.851)	Loss 0.1109 (0.1307)	Prec 0.889 (0.869)	
Epoch: [0][457/849]	Time 2.035 (2.065)	Data 0.846 (0.851)	Loss 0.1189 (0.1307)	Prec 0.881 (0.869)	
Epoch: [0][458/849]	Time 2.034 (2.065)	Data 0.844 (0.851)	Loss 0.1225 (0.1307)	Prec 0.878 (0.869)	
Epoch: [0][459/849]	Time 2.034 (2.065)	Data 0.845 (0.851)	Loss 0.1211 (0.1306)	Prec 0.879 (0.869)	
Epoch: [0][460/849]	Time 2.039 (2.065)	Data 0.846 (0.851)	Loss 0.1256 (0.1306)	Prec 0.874 (0.869)	
Epoch: [0][461/849]	Time 2.033 (2.065)	Data 0.845 (0.851)	Loss 0.1247 (0.1306)	Prec 0.875 (0.869)	
Epoch: [0][462/849]	Time 2.035 (2.065)	Data 0.847 (0.851)	Loss 0.1046 (0.1306)	Prec 0.895 (0.869)	
Epoch: [0][463/849]	Time 2.038 (2.065)	Data 0.846 (0.851)	Loss 0.1250 (0.1306)	Prec 0.875 (0.869)	
Epoch: [0][464/849]	Time 2.035 (2.065)	Data 0.844 (0.851)	Loss 0.1120 (0.1305)	Prec 0.888 (0.869)	
Epoch: [0][465/849]	Time 2.038 (2.065)	Data 0.845 (0.851)	Loss 0.1272 (0.1305)	Prec 0.873 (0.869)	
Epoch: [0][466/849]	Time 2.089 (2.065)	Data 0.846 (0.851)	Loss 0.1305 (0.1305)	Prec 0.869 (0.869)	
Epoch: [0][467/849]	Time 2.036 (2.065)	Data 0.845 (0.851)	Loss 0.1260 (0.1305)	Prec 0.874 (0.869)	
Epoch: [0][468/849]	Time 2.035 (2.065)	Data 0.846 (0.851)	Loss 0.1225 (0.1305)	Prec 0.878 (0.870)	
Epoch: [0][469/849]	Time 2.035 (2.065)	Data 0.845 (0.851)	Loss 0.1099 (0.1304)	Prec 0.890 (0.870)	
Epoch: [0][470/849]	Time 2.035 (2.065)	Data 0.845 (0.851)	Loss 0.1176 (0.1304)	Prec 0.882 (0.870)	
Epoch: [0][471/849]	Time 2.034 (2.064)	Data 0.844 (0.850)	Loss 0.1201 (0.1304)	Prec 0.880 (0.870)	
Epoch: [0][472/849]	Time 2.037 (2.064)	Data 0.845 (0.850)	Loss 0.1202 (0.1304)	Prec 0.880 (0.870)	
Epoch: [0][473/849]	Time 2.039 (2.064)	Data 0.846 (0.850)	Loss 0.1156 (0.1303)	Prec 0.884 (0.870)	
Epoch: [0][474/849]	Time 2.035 (2.064)	Data 0.844 (0.850)	Loss 0.1158 (0.1303)	Prec 0.884 (0.870)	
Epoch: [0][475/849]	Time 2.036 (2.064)	Data 0.844 (0.850)	Loss 0.1181 (0.1303)	Prec 0.882 (0.870)	
Epoch: [0][476/849]	Time 2.037 (2.064)	Data 0.846 (0.850)	Loss 0.1189 (0.1303)	Prec 0.881 (0.870)	
Epoch: [0][477/849]	Time 2.038 (2.064)	Data 0.847 (0.850)	Loss 0.1155 (0.1302)	Prec 0.884 (0.870)	
Epoch: [0][478/849]	Time 2.044 (2.064)	Data 0.845 (0.850)	Loss 0.1186 (0.1302)	Prec 0.881 (0.870)	
Epoch: [0][479/849]	Time 2.036 (2.064)	Data 0.846 (0.850)	Loss 0.1147 (0.1302)	Prec 0.885 (0.870)	
Epoch: [0][480/849]	Time 2.032 (2.064)	Data 0.845 (0.850)	Loss 0.1105 (0.1301)	Prec 0.890 (0.870)	
Epoch: [0][481/849]	Time 2.036 (2.064)	Data 0.846 (0.850)	Loss 0.1184 (0.1301)	Prec 0.882 (0.870)	
Epoch: [0][482/849]	Time 2.037 (2.064)	Data 0.845 (0.850)	Loss 0.1137 (0.1301)	Prec 0.886 (0.870)	
Epoch: [0][483/849]	Time 2.038 (2.064)	Data 0.846 (0.850)	Loss 0.1154 (0.1300)	Prec 0.885 (0.870)	
Epoch: [0][484/849]	Time 2.036 (2.064)	Data 0.845 (0.850)	Loss 0.1161 (0.1300)	Prec 0.884 (0.870)	
Epoch: [0][485/849]	Time 2.036 (2.064)	Data 0.845 (0.850)	Loss 0.1126 (0.1300)	Prec 0.887 (0.870)	
Epoch: [0][486/849]	Time 2.037 (2.064)	Data 0.846 (0.850)	Loss 0.1174 (0.1300)	Prec 0.883 (0.870)	
Epoch: [0][487/849]	Time 2.036 (2.064)	Data 0.845 (0.850)	Loss 0.1249 (0.1299)	Prec 0.875 (0.870)	
Epoch: [0][488/849]	Time 2.036 (2.064)	Data 0.846 (0.850)	Loss 0.1207 (0.1299)	Prec 0.879 (0.870)	
Epoch: [0][489/849]	Time 2.037 (2.063)	Data 0.848 (0.850)	Loss 0.1094 (0.1299)	Prec 0.891 (0.870)	
Epoch: [0][490/849]	Time 2.034 (2.063)	Data 0.845 (0.850)	Loss 0.1156 (0.1299)	Prec 0.884 (0.870)	
Epoch: [0][491/849]	Time 2.034 (2.063)	Data 0.845 (0.850)	Loss 0.1164 (0.1298)	Prec 0.884 (0.870)	
Epoch: [0][492/849]	Time 2.037 (2.063)	Data 0.847 (0.850)	Loss 0.1205 (0.1298)	Prec 0.880 (0.870)	
Epoch: [0][493/849]	Time 2.033 (2.063)	Data 0.844 (0.850)	Loss 0.1252 (0.1298)	Prec 0.875 (0.870)	
Epoch: [0][494/849]	Time 2.037 (2.063)	Data 0.847 (0.850)	Loss 0.1255 (0.1298)	Prec 0.875 (0.870)	
Epoch: [0][495/849]	Time 2.038 (2.063)	Data 0.845 (0.850)	Loss 0.1183 (0.1298)	Prec 0.882 (0.870)	
Epoch: [0][496/849]	Time 2.060 (2.063)	Data 0.845 (0.850)	Loss 0.1201 (0.1297)	Prec 0.880 (0.870)	
Epoch: [0][497/849]	Time 2.036 (2.063)	Data 0.846 (0.850)	Loss 0.1257 (0.1297)	Prec 0.874 (0.870)	
Epoch: [0][498/849]	Time 2.036 (2.063)	Data 0.844 (0.850)	Loss 0.1154 (0.1297)	Prec 0.885 (0.870)	
Epoch: [0][499/849]	Time 2.037 (2.063)	Data 0.845 (0.850)	Loss 0.1189 (0.1297)	Prec 0.881 (0.870)	
Epoch: [0][500/849]	Time 2.039 (2.063)	Data 0.847 (0.850)	Loss 0.1222 (0.1297)	Prec 0.878 (0.870)	
Epoch: [0][501/849]	Time 2.037 (2.063)	Data 0.845 (0.850)	Loss 0.1145 (0.1296)	Prec 0.885 (0.870)	
Epoch: [0][502/849]	Time 2.071 (2.063)	Data 0.880 (0.850)	Loss 0.1154 (0.1296)	Prec 0.885 (0.870)	
Epoch: [0][503/849]	Time 2.035 (2.063)	Data 0.845 (0.850)	Loss 0.1218 (0.1296)	Prec 0.878 (0.870)	
Epoch: [0][504/849]	Time 2.035 (2.063)	Data 0.844 (0.850)	Loss 0.1107 (0.1296)	Prec 0.889 (0.870)	
Epoch: [0][505/849]	Time 2.038 (2.063)	Data 0.847 (0.850)	Loss 0.1167 (0.1295)	Prec 0.883 (0.870)	
Epoch: [0][506/849]	Time 2.036 (2.063)	Data 0.846 (0.850)	Loss 0.1149 (0.1295)	Prec 0.885 (0.870)	
Epoch: [0][507/849]	Time 2.036 (2.063)	Data 0.845 (0.850)	Loss 0.1167 (0.1295)	Prec 0.883 (0.871)	
Epoch: [0][508/849]	Time 2.036 (2.063)	Data 0.845 (0.850)	Loss 0.1156 (0.1295)	Prec 0.884 (0.871)	
Epoch: [0][509/849]	Time 2.037 (2.063)	Data 0.845 (0.850)	Loss 0.1232 (0.1294)	Prec 0.877 (0.871)	
Epoch: [0][510/849]	Time 2.036 (2.062)	Data 0.846 (0.850)	Loss 0.1140 (0.1294)	Prec 0.886 (0.871)	
Epoch: [0][511/849]	Time 2.038 (2.062)	Data 0.847 (0.850)	Loss 0.1131 (0.1294)	Prec 0.887 (0.871)	
Epoch: [0][512/849]	Time 2.038 (2.062)	Data 0.846 (0.850)	Loss 0.1194 (0.1294)	Prec 0.881 (0.871)	
Epoch: [0][513/849]	Time 2.038 (2.062)	Data 0.847 (0.850)	Loss 0.1256 (0.1294)	Prec 0.874 (0.871)	
Epoch: [0][514/849]	Time 2.037 (2.062)	Data 0.844 (0.850)	Loss 0.1216 (0.1293)	Prec 0.878 (0.871)	
Epoch: [0][515/849]	Time 2.038 (2.062)	Data 0.846 (0.850)	Loss 0.1176 (0.1293)	Prec 0.882 (0.871)	
Epoch: [0][516/849]	Time 2.032 (2.062)	Data 0.843 (0.850)	Loss 0.1104 (0.1293)	Prec 0.890 (0.871)	
Epoch: [0][517/849]	Time 2.052 (2.062)	Data 0.845 (0.850)	Loss 0.1079 (0.1292)	Prec 0.892 (0.871)	
Epoch: [0][518/849]	Time 2.037 (2.062)	Data 0.846 (0.850)	Loss 0.1353 (0.1292)	Prec 0.865 (0.871)	
Epoch: [0][519/849]	Time 2.037 (2.062)	Data 0.846 (0.850)	Loss 0.1205 (0.1292)	Prec 0.880 (0.871)	
Epoch: [0][520/849]	Time 2.037 (2.062)	Data 0.844 (0.850)	Loss 0.1258 (0.1292)	Prec 0.874 (0.871)	
Epoch: [0][521/849]	Time 2.034 (2.062)	Data 0.844 (0.850)	Loss 0.1326 (0.1292)	Prec 0.867 (0.871)	
Epoch: [0][522/849]	Time 2.036 (2.062)	Data 0.846 (0.850)	Loss 0.1129 (0.1292)	Prec 0.887 (0.871)	
Epoch: [0][523/849]	Time 2.037 (2.062)	Data 0.847 (0.850)	Loss 0.1212 (0.1292)	Prec 0.879 (0.871)	
Epoch: [0][524/849]	Time 2.034 (2.062)	Data 0.845 (0.850)	Loss 0.1250 (0.1292)	Prec 0.875 (0.871)	
Epoch: [0][525/849]	Time 2.034 (2.062)	Data 0.845 (0.850)	Loss 0.1182 (0.1292)	Prec 0.882 (0.871)	
Epoch: [0][526/849]	Time 2.039 (2.062)	Data 0.846 (0.850)	Loss 0.1230 (0.1291)	Prec 0.877 (0.871)	
Epoch: [0][527/849]	Time 2.036 (2.062)	Data 0.844 (0.850)	Loss 0.1221 (0.1291)	Prec 0.878 (0.871)	
Epoch: [0][528/849]	Time 2.036 (2.062)	Data 0.847 (0.850)	Loss 0.1120 (0.1291)	Prec 0.888 (0.871)	
Epoch: [0][529/849]	Time 2.041 (2.062)	Data 0.849 (0.850)	Loss 0.1247 (0.1291)	Prec 0.875 (0.871)	
Epoch: [0][530/849]	Time 2.038 (2.062)	Data 0.846 (0.850)	Loss 0.1210 (0.1291)	Prec 0.879 (0.871)	
Epoch: [0][531/849]	Time 2.036 (2.061)	Data 0.845 (0.850)	Loss 0.1175 (0.1291)	Prec 0.882 (0.871)	
Epoch: [0][532/849]	Time 2.089 (2.062)	Data 0.897 (0.850)	Loss 0.1218 (0.1290)	Prec 0.878 (0.871)	
Epoch: [0][533/849]	Time 2.038 (2.061)	Data 0.847 (0.850)	Loss 0.1215 (0.1290)	Prec 0.879 (0.871)	
Epoch: [0][534/849]	Time 2.033 (2.061)	Data 0.844 (0.850)	Loss 0.1169 (0.1290)	Prec 0.883 (0.871)	
Epoch: [0][535/849]	Time 2.034 (2.061)	Data 0.845 (0.850)	Loss 0.1060 (0.1290)	Prec 0.894 (0.871)	
Epoch: [0][536/849]	Time 2.039 (2.061)	Data 0.848 (0.850)	Loss 0.1147 (0.1289)	Prec 0.885 (0.871)	
Epoch: [0][537/849]	Time 2.035 (2.061)	Data 0.846 (0.850)	Loss 0.1114 (0.1289)	Prec 0.889 (0.871)	
Epoch: [0][538/849]	Time 2.037 (2.061)	Data 0.846 (0.850)	Loss 0.1171 (0.1289)	Prec 0.883 (0.871)	
Epoch: [0][539/849]	Time 2.033 (2.061)	Data 0.844 (0.850)	Loss 0.1223 (0.1289)	Prec 0.878 (0.871)	
Epoch: [0][540/849]	Time 2.036 (2.061)	Data 0.846 (0.850)	Loss 0.1183 (0.1288)	Prec 0.882 (0.871)	
Epoch: [0][541/849]	Time 2.035 (2.061)	Data 0.845 (0.850)	Loss 0.1104 (0.1288)	Prec 0.890 (0.871)	
Epoch: [0][542/849]	Time 2.034 (2.061)	Data 0.846 (0.850)	Loss 0.1188 (0.1288)	Prec 0.881 (0.871)	
Epoch: [0][543/849]	Time 2.033 (2.061)	Data 0.845 (0.850)	Loss 0.1139 (0.1288)	Prec 0.886 (0.871)	
Epoch: [0][544/849]	Time 2.039 (2.061)	Data 0.847 (0.850)	Loss 0.1136 (0.1287)	Prec 0.886 (0.871)	
Epoch: [0][545/849]	Time 2.035 (2.061)	Data 0.845 (0.850)	Loss 0.1178 (0.1287)	Prec 0.882 (0.871)	
Epoch: [0][546/849]	Time 2.035 (2.061)	Data 0.845 (0.850)	Loss 0.1162 (0.1287)	Prec 0.884 (0.871)	
Epoch: [0][547/849]	Time 2.036 (2.061)	Data 0.848 (0.850)	Loss 0.1231 (0.1287)	Prec 0.877 (0.871)	
Epoch: [0][548/849]	Time 2.036 (2.061)	Data 0.845 (0.850)	Loss 0.1167 (0.1287)	Prec 0.883 (0.871)	
Epoch: [0][549/849]	Time 2.036 (2.061)	Data 0.845 (0.850)	Loss 0.1147 (0.1286)	Prec 0.885 (0.871)	
Epoch: [0][550/849]	Time 2.036 (2.061)	Data 0.846 (0.850)	Loss 0.1111 (0.1286)	Prec 0.889 (0.871)	
Epoch: [0][551/849]	Time 2.035 (2.061)	Data 0.847 (0.850)	Loss 0.1166 (0.1286)	Prec 0.883 (0.871)	
Epoch: [0][552/849]	Time 2.036 (2.061)	Data 0.845 (0.850)	Loss 0.1272 (0.1286)	Prec 0.873 (0.871)	
Epoch: [0][553/849]	Time 2.050 (2.061)	Data 0.862 (0.850)	Loss 0.1006 (0.1285)	Prec 0.899 (0.871)	
Epoch: [0][554/849]	Time 2.035 (2.061)	Data 0.846 (0.850)	Loss 0.1203 (0.1285)	Prec 0.880 (0.871)	
Epoch: [0][555/849]	Time 2.037 (2.060)	Data 0.846 (0.850)	Loss 0.1180 (0.1285)	Prec 0.882 (0.872)	
Epoch: [0][556/849]	Time 2.039 (2.060)	Data 0.846 (0.850)	Loss 0.1170 (0.1285)	Prec 0.883 (0.872)	
Epoch: [0][557/849]	Time 2.036 (2.060)	Data 0.844 (0.850)	Loss 0.1221 (0.1285)	Prec 0.878 (0.872)	
Epoch: [0][558/849]	Time 2.035 (2.060)	Data 0.846 (0.850)	Loss 0.1182 (0.1284)	Prec 0.882 (0.872)	
Epoch: [0][559/849]	Time 2.035 (2.060)	Data 0.845 (0.850)	Loss 0.1142 (0.1284)	Prec 0.886 (0.872)	
Epoch: [0][560/849]	Time 2.034 (2.060)	Data 0.844 (0.850)	Loss 0.1175 (0.1284)	Prec 0.882 (0.872)	
Epoch: [0][561/849]	Time 2.035 (2.060)	Data 0.845 (0.850)	Loss 0.1134 (0.1284)	Prec 0.887 (0.872)	
Epoch: [0][562/849]	Time 2.034 (2.060)	Data 0.844 (0.850)	Loss 0.1299 (0.1284)	Prec 0.870 (0.872)	
Epoch: [0][563/849]	Time 2.036 (2.060)	Data 0.846 (0.850)	Loss 0.1175 (0.1284)	Prec 0.883 (0.872)	
Epoch: [0][564/849]	Time 2.034 (2.060)	Data 0.847 (0.850)	Loss 0.1133 (0.1283)	Prec 0.887 (0.872)	
Epoch: [0][565/849]	Time 2.036 (2.060)	Data 0.847 (0.850)	Loss 0.1198 (0.1283)	Prec 0.880 (0.872)	
Epoch: [0][566/849]	Time 2.038 (2.060)	Data 0.847 (0.850)	Loss 0.1193 (0.1283)	Prec 0.881 (0.872)	
Epoch: [0][567/849]	Time 2.039 (2.060)	Data 0.846 (0.850)	Loss 0.1186 (0.1283)	Prec 0.881 (0.872)	
Epoch: [0][568/849]	Time 2.034 (2.060)	Data 0.844 (0.850)	Loss 0.1171 (0.1283)	Prec 0.883 (0.872)	
Epoch: [0][569/849]	Time 2.035 (2.060)	Data 0.844 (0.850)	Loss 0.1116 (0.1282)	Prec 0.888 (0.872)	
Epoch: [0][570/849]	Time 2.036 (2.060)	Data 0.846 (0.850)	Loss 0.1224 (0.1282)	Prec 0.878 (0.872)	
Epoch: [0][571/849]	Time 2.033 (2.060)	Data 0.844 (0.850)	Loss 0.1033 (0.1282)	Prec 0.897 (0.872)	
Epoch: [0][572/849]	Time 2.033 (2.060)	Data 0.844 (0.850)	Loss 0.1202 (0.1282)	Prec 0.880 (0.872)	
Epoch: [0][573/849]	Time 2.035 (2.060)	Data 0.845 (0.850)	Loss 0.1071 (0.1281)	Prec 0.893 (0.872)	
Epoch: [0][574/849]	Time 2.032 (2.060)	Data 0.843 (0.850)	Loss 0.1194 (0.1281)	Prec 0.881 (0.872)	
Epoch: [0][575/849]	Time 2.036 (2.060)	Data 0.845 (0.850)	Loss 0.1117 (0.1281)	Prec 0.888 (0.872)	
Epoch: [0][576/849]	Time 2.033 (2.060)	Data 0.845 (0.850)	Loss 0.1166 (0.1281)	Prec 0.883 (0.872)	
Epoch: [0][577/849]	Time 2.034 (2.060)	Data 0.845 (0.850)	Loss 0.1219 (0.1281)	Prec 0.878 (0.872)	
Epoch: [0][578/849]	Time 2.037 (2.059)	Data 0.845 (0.850)	Loss 0.1255 (0.1281)	Prec 0.874 (0.872)	
Epoch: [0][579/849]	Time 2.036 (2.059)	Data 0.844 (0.850)	Loss 0.1136 (0.1280)	Prec 0.886 (0.872)	
Epoch: [0][580/849]	Time 2.037 (2.059)	Data 0.845 (0.850)	Loss 0.1077 (0.1280)	Prec 0.892 (0.872)	
Epoch: [0][581/849]	Time 2.035 (2.059)	Data 0.845 (0.850)	Loss 0.1247 (0.1280)	Prec 0.875 (0.872)	
Epoch: [0][582/849]	Time 2.034 (2.059)	Data 0.845 (0.850)	Loss 0.1089 (0.1280)	Prec 0.891 (0.872)	
Epoch: [0][583/849]	Time 2.034 (2.059)	Data 0.845 (0.850)	Loss 0.1162 (0.1279)	Prec 0.884 (0.872)	
Epoch: [0][584/849]	Time 2.036 (2.059)	Data 0.845 (0.850)	Loss 0.1120 (0.1279)	Prec 0.888 (0.872)	
Epoch: [0][585/849]	Time 2.033 (2.059)	Data 0.845 (0.850)	Loss 0.1291 (0.1279)	Prec 0.871 (0.872)	
Epoch: [0][586/849]	Time 2.038 (2.059)	Data 0.847 (0.850)	Loss 0.1227 (0.1279)	Prec 0.877 (0.872)	
Epoch: [0][587/849]	Time 2.038 (2.059)	Data 0.847 (0.850)	Loss 0.1179 (0.1279)	Prec 0.882 (0.872)	
Epoch: [0][588/849]	Time 2.031 (2.059)	Data 0.844 (0.850)	Loss 0.1180 (0.1279)	Prec 0.882 (0.872)	
Epoch: [0][589/849]	Time 2.038 (2.059)	Data 0.847 (0.850)	Loss 0.1130 (0.1278)	Prec 0.887 (0.872)	
Epoch: [0][590/849]	Time 2.035 (2.059)	Data 0.844 (0.850)	Loss 0.1216 (0.1278)	Prec 0.878 (0.872)	
Epoch: [0][591/849]	Time 2.037 (2.059)	Data 0.846 (0.850)	Loss 0.1138 (0.1278)	Prec 0.886 (0.872)	
Epoch: [0][592/849]	Time 2.034 (2.059)	Data 0.844 (0.850)	Loss 0.1259 (0.1278)	Prec 0.874 (0.872)	
Epoch: [0][593/849]	Time 2.037 (2.059)	Data 0.847 (0.850)	Loss 0.1175 (0.1278)	Prec 0.882 (0.872)	
Epoch: [0][594/849]	Time 2.032 (2.059)	Data 0.846 (0.850)	Loss 0.1172 (0.1278)	Prec 0.883 (0.872)	
Epoch: [0][595/849]	Time 2.034 (2.059)	Data 0.844 (0.850)	Loss 0.1196 (0.1278)	Prec 0.880 (0.872)	
Epoch: [0][596/849]	Time 2.037 (2.059)	Data 0.846 (0.850)	Loss 0.1157 (0.1277)	Prec 0.884 (0.872)	
Epoch: [0][597/849]	Time 2.034 (2.059)	Data 0.845 (0.850)	Loss 0.1207 (0.1277)	Prec 0.879 (0.872)	
Epoch: [0][598/849]	Time 2.038 (2.059)	Data 0.845 (0.850)	Loss 0.1155 (0.1277)	Prec 0.884 (0.872)	
Epoch: [0][599/849]	Time 2.038 (2.059)	Data 0.847 (0.850)	Loss 0.1064 (0.1277)	Prec 0.894 (0.872)	
Epoch: [0][600/849]	Time 2.035 (2.059)	Data 0.847 (0.850)	Loss 0.1157 (0.1276)	Prec 0.884 (0.872)	
Epoch: [0][601/849]	Time 2.033 (2.059)	Data 0.844 (0.850)	Loss 0.1175 (0.1276)	Prec 0.882 (0.872)	
Epoch: [0][602/849]	Time 2.033 (2.059)	Data 0.843 (0.850)	Loss 0.1430 (0.1277)	Prec 0.857 (0.872)	
Epoch: [0][603/849]	Time 2.033 (2.058)	Data 0.844 (0.850)	Loss 0.1156 (0.1276)	Prec 0.884 (0.872)	
Epoch: [0][604/849]	Time 2.036 (2.058)	Data 0.844 (0.850)	Loss 0.1136 (0.1276)	Prec 0.886 (0.872)	
Epoch: [0][605/849]	Time 2.036 (2.058)	Data 0.845 (0.850)	Loss 0.1162 (0.1276)	Prec 0.884 (0.872)	
Epoch: [0][606/849]	Time 2.035 (2.058)	Data 0.845 (0.850)	Loss 0.1100 (0.1276)	Prec 0.890 (0.872)	
Epoch: [0][607/849]	Time 2.037 (2.058)	Data 0.846 (0.850)	Loss 0.1141 (0.1275)	Prec 0.886 (0.872)	
Epoch: [0][608/849]	Time 2.035 (2.058)	Data 0.846 (0.850)	Loss 0.1151 (0.1275)	Prec 0.885 (0.872)	
Epoch: [0][609/849]	Time 2.035 (2.058)	Data 0.844 (0.850)	Loss 0.1210 (0.1275)	Prec 0.879 (0.872)	
Epoch: [0][610/849]	Time 2.036 (2.058)	Data 0.845 (0.850)	Loss 0.1102 (0.1275)	Prec 0.890 (0.873)	
Epoch: [0][611/849]	Time 2.035 (2.058)	Data 0.846 (0.849)	Loss 0.1145 (0.1275)	Prec 0.886 (0.873)	
Epoch: [0][612/849]	Time 2.036 (2.058)	Data 0.846 (0.849)	Loss 0.1129 (0.1274)	Prec 0.887 (0.873)	
Epoch: [0][613/849]	Time 2.039 (2.058)	Data 0.848 (0.849)	Loss 0.1116 (0.1274)	Prec 0.888 (0.873)	
Epoch: [0][614/849]	Time 2.035 (2.058)	Data 0.845 (0.849)	Loss 0.1224 (0.1274)	Prec 0.878 (0.873)	
Epoch: [0][615/849]	Time 2.036 (2.058)	Data 0.845 (0.849)	Loss 0.1229 (0.1274)	Prec 0.877 (0.873)	
Epoch: [0][616/849]	Time 2.037 (2.058)	Data 0.845 (0.849)	Loss 0.1122 (0.1274)	Prec 0.888 (0.873)	
Epoch: [0][617/849]	Time 2.038 (2.058)	Data 0.845 (0.849)	Loss 0.1254 (0.1274)	Prec 0.875 (0.873)	
Epoch: [0][618/849]	Time 2.034 (2.058)	Data 0.845 (0.849)	Loss 0.1225 (0.1274)	Prec 0.877 (0.873)	
Epoch: [0][619/849]	Time 2.033 (2.058)	Data 0.844 (0.849)	Loss 0.1197 (0.1273)	Prec 0.880 (0.873)	
Epoch: [0][620/849]	Time 2.033 (2.058)	Data 0.845 (0.849)	Loss 0.1224 (0.1273)	Prec 0.878 (0.873)	
Epoch: [0][621/849]	Time 2.037 (2.058)	Data 0.846 (0.849)	Loss 0.1109 (0.1273)	Prec 0.889 (0.873)	
Epoch: [0][622/849]	Time 2.039 (2.058)	Data 0.847 (0.849)	Loss 0.1091 (0.1273)	Prec 0.891 (0.873)	
Epoch: [0][623/849]	Time 2.037 (2.058)	Data 0.846 (0.849)	Loss 0.1076 (0.1273)	Prec 0.892 (0.873)	
Epoch: [0][624/849]	Time 2.035 (2.058)	Data 0.846 (0.849)	Loss 0.1128 (0.1272)	Prec 0.887 (0.873)	
Epoch: [0][625/849]	Time 2.037 (2.058)	Data 0.847 (0.849)	Loss 0.1212 (0.1272)	Prec 0.879 (0.873)	
Epoch: [0][626/849]	Time 2.035 (2.058)	Data 0.844 (0.849)	Loss 0.1174 (0.1272)	Prec 0.883 (0.873)	
Epoch: [0][627/849]	Time 2.037 (2.058)	Data 0.844 (0.849)	Loss 0.1186 (0.1272)	Prec 0.881 (0.873)	
Epoch: [0][628/849]	Time 2.037 (2.058)	Data 0.846 (0.849)	Loss 0.1186 (0.1272)	Prec 0.881 (0.873)	
Epoch: [0][629/849]	Time 2.035 (2.058)	Data 0.846 (0.849)	Loss 0.1291 (0.1272)	Prec 0.871 (0.873)	
Epoch: [0][630/849]	Time 2.034 (2.058)	Data 0.845 (0.849)	Loss 0.1259 (0.1272)	Prec 0.874 (0.873)	
Epoch: [0][631/849]	Time 2.035 (2.057)	Data 0.846 (0.849)	Loss 0.1163 (0.1272)	Prec 0.884 (0.873)	
Epoch: [0][632/849]	Time 2.036 (2.057)	Data 0.845 (0.849)	Loss 0.1096 (0.1271)	Prec 0.890 (0.873)	
Epoch: [0][633/849]	Time 2.038 (2.057)	Data 0.846 (0.849)	Loss 0.1146 (0.1271)	Prec 0.885 (0.873)	
Epoch: [0][634/849]	Time 2.036 (2.057)	Data 0.844 (0.849)	Loss 0.1161 (0.1271)	Prec 0.884 (0.873)	
Epoch: [0][635/849]	Time 2.038 (2.057)	Data 0.846 (0.849)	Loss 0.1139 (0.1271)	Prec 0.886 (0.873)	
Epoch: [0][636/849]	Time 2.036 (2.057)	Data 0.847 (0.849)	Loss 0.1199 (0.1271)	Prec 0.880 (0.873)	
Epoch: [0][637/849]	Time 2.034 (2.057)	Data 0.845 (0.849)	Loss 0.1184 (0.1271)	Prec 0.882 (0.873)	
Epoch: [0][638/849]	Time 2.037 (2.057)	Data 0.845 (0.849)	Loss 0.1267 (0.1271)	Prec 0.873 (0.873)	
Epoch: [0][639/849]	Time 2.034 (2.057)	Data 0.845 (0.849)	Loss 0.1175 (0.1270)	Prec 0.882 (0.873)	
Epoch: [0][640/849]	Time 2.034 (2.057)	Data 0.845 (0.849)	Loss 0.1147 (0.1270)	Prec 0.885 (0.873)	
Epoch: [0][641/849]	Time 2.035 (2.057)	Data 0.845 (0.849)	Loss 0.1281 (0.1270)	Prec 0.872 (0.873)	
Epoch: [0][642/849]	Time 2.033 (2.057)	Data 0.845 (0.849)	Loss 0.1209 (0.1270)	Prec 0.879 (0.873)	
Epoch: [0][643/849]	Time 2.038 (2.057)	Data 0.847 (0.849)	Loss 0.1179 (0.1270)	Prec 0.882 (0.873)	
Epoch: [0][644/849]	Time 2.033 (2.057)	Data 0.846 (0.849)	Loss 0.1107 (0.1270)	Prec 0.889 (0.873)	
Epoch: [0][645/849]	Time 2.036 (2.057)	Data 0.846 (0.849)	Loss 0.1225 (0.1270)	Prec 0.878 (0.873)	
Epoch: [0][646/849]	Time 2.036 (2.057)	Data 0.845 (0.849)	Loss 0.1180 (0.1269)	Prec 0.882 (0.873)	
Epoch: [0][647/849]	Time 2.036 (2.057)	Data 0.845 (0.849)	Loss 0.1266 (0.1269)	Prec 0.873 (0.873)	
Epoch: [0][648/849]	Time 2.036 (2.057)	Data 0.845 (0.849)	Loss 0.1153 (0.1269)	Prec 0.885 (0.873)	
Epoch: [0][649/849]	Time 2.039 (2.057)	Data 0.847 (0.849)	Loss 0.1216 (0.1269)	Prec 0.878 (0.873)	
Epoch: [0][650/849]	Time 2.037 (2.057)	Data 0.845 (0.849)	Loss 0.1110 (0.1269)	Prec 0.889 (0.873)	
Epoch: [0][651/849]	Time 2.036 (2.057)	Data 0.844 (0.849)	Loss 0.1130 (0.1269)	Prec 0.887 (0.873)	
Epoch: [0][652/849]	Time 2.036 (2.057)	Data 0.845 (0.849)	Loss 0.1220 (0.1269)	Prec 0.878 (0.873)	
Epoch: [0][653/849]	Time 2.033 (2.057)	Data 0.845 (0.849)	Loss 0.1229 (0.1269)	Prec 0.877 (0.873)	
Epoch: [0][654/849]	Time 2.033 (2.057)	Data 0.844 (0.849)	Loss 0.1164 (0.1268)	Prec 0.884 (0.873)	
Epoch: [0][655/849]	Time 2.037 (2.057)	Data 0.847 (0.849)	Loss 0.1186 (0.1268)	Prec 0.881 (0.873)	
Epoch: [0][656/849]	Time 2.035 (2.057)	Data 0.846 (0.849)	Loss 0.1171 (0.1268)	Prec 0.883 (0.873)	
Epoch: [0][657/849]	Time 2.037 (2.057)	Data 0.848 (0.849)	Loss 0.1201 (0.1268)	Prec 0.880 (0.873)	
Epoch: [0][658/849]	Time 2.035 (2.057)	Data 0.844 (0.849)	Loss 0.1093 (0.1268)	Prec 0.891 (0.873)	
Epoch: [0][659/849]	Time 2.035 (2.057)	Data 0.845 (0.849)	Loss 0.1100 (0.1268)	Prec 0.890 (0.873)	
Epoch: [0][660/849]	Time 2.033 (2.057)	Data 0.845 (0.849)	Loss 0.1073 (0.1267)	Prec 0.893 (0.873)	
Epoch: [0][661/849]	Time 2.033 (2.056)	Data 0.845 (0.849)	Loss 0.1117 (0.1267)	Prec 0.888 (0.873)	
Epoch: [0][662/849]	Time 2.034 (2.056)	Data 0.844 (0.849)	Loss 0.1183 (0.1267)	Prec 0.882 (0.873)	
Epoch: [0][663/849]	Time 2.034 (2.056)	Data 0.844 (0.849)	Loss 0.1157 (0.1267)	Prec 0.884 (0.873)	
Epoch: [0][664/849]	Time 2.038 (2.056)	Data 0.848 (0.849)	Loss 0.1157 (0.1267)	Prec 0.884 (0.873)	
Epoch: [0][665/849]	Time 2.034 (2.056)	Data 0.845 (0.849)	Loss 0.1159 (0.1266)	Prec 0.884 (0.873)	
Epoch: [0][666/849]	Time 2.035 (2.056)	Data 0.846 (0.849)	Loss 0.1080 (0.1266)	Prec 0.892 (0.873)	
Epoch: [0][667/849]	Time 2.038 (2.056)	Data 0.846 (0.849)	Loss 0.1293 (0.1266)	Prec 0.871 (0.873)	
Epoch: [0][668/849]	Time 2.036 (2.056)	Data 0.846 (0.849)	Loss 0.1287 (0.1266)	Prec 0.871 (0.873)	
Epoch: [0][669/849]	Time 2.033 (2.056)	Data 0.845 (0.849)	Loss 0.1252 (0.1266)	Prec 0.875 (0.873)	
Epoch: [0][670/849]	Time 2.036 (2.056)	Data 0.845 (0.849)	Loss 0.1160 (0.1266)	Prec 0.884 (0.873)	
Epoch: [0][671/849]	Time 2.070 (2.056)	Data 0.845 (0.849)	Loss 0.1162 (0.1266)	Prec 0.884 (0.873)	
Epoch: [0][672/849]	Time 2.001 (2.056)	Data 0.814 (0.849)	Loss 0.1094 (0.1266)	Prec 0.891 (0.873)	
Epoch: [0][673/849]	Time 2.037 (2.056)	Data 0.844 (0.849)	Loss 0.1274 (0.1266)	Prec 0.873 (0.873)	
Epoch: [0][674/849]	Time 2.036 (2.056)	Data 0.846 (0.849)	Loss 0.1195 (0.1266)	Prec 0.880 (0.873)	
Epoch: [0][675/849]	Time 2.035 (2.056)	Data 0.845 (0.849)	Loss 0.1281 (0.1266)	Prec 0.872 (0.873)	
Epoch: [0][676/849]	Time 2.038 (2.056)	Data 0.845 (0.849)	Loss 0.1126 (0.1265)	Prec 0.887 (0.873)	
Epoch: [0][677/849]	Time 2.056 (2.056)	Data 0.844 (0.849)	Loss 0.0999 (0.1265)	Prec 0.900 (0.874)	
Epoch: [0][678/849]	Time 2.011 (2.056)	Data 0.823 (0.849)	Loss 0.1076 (0.1265)	Prec 0.892 (0.874)	
Epoch: [0][679/849]	Time 2.037 (2.056)	Data 0.845 (0.849)	Loss 0.1091 (0.1264)	Prec 0.891 (0.874)	
Epoch: [0][680/849]	Time 2.036 (2.056)	Data 0.845 (0.849)	Loss 0.1283 (0.1264)	Prec 0.872 (0.874)	
Epoch: [0][681/849]	Time 2.037 (2.056)	Data 0.846 (0.849)	Loss 0.1219 (0.1264)	Prec 0.878 (0.874)	
Epoch: [0][682/849]	Time 2.038 (2.056)	Data 0.846 (0.849)	Loss 0.1209 (0.1264)	Prec 0.879 (0.874)	
Epoch: [0][683/849]	Time 2.069 (2.056)	Data 0.844 (0.849)	Loss 0.1253 (0.1264)	Prec 0.875 (0.874)	
Epoch: [0][684/849]	Time 2.000 (2.056)	Data 0.811 (0.849)	Loss 0.1128 (0.1264)	Prec 0.887 (0.874)	
Epoch: [0][685/849]	Time 2.038 (2.056)	Data 0.846 (0.849)	Loss 0.1232 (0.1264)	Prec 0.877 (0.874)	
Epoch: [0][686/849]	Time 2.035 (2.056)	Data 0.846 (0.849)	Loss 0.1124 (0.1264)	Prec 0.888 (0.874)	
Epoch: [0][687/849]	Time 2.036 (2.056)	Data 0.846 (0.849)	Loss 0.1208 (0.1264)	Prec 0.879 (0.874)	
Epoch: [0][688/849]	Time 2.035 (2.056)	Data 0.844 (0.849)	Loss 0.1234 (0.1264)	Prec 0.877 (0.874)	
Epoch: [0][689/849]	Time 2.038 (2.056)	Data 0.846 (0.849)	Loss 0.1141 (0.1264)	Prec 0.886 (0.874)	
Epoch: [0][690/849]	Time 2.035 (2.056)	Data 0.845 (0.849)	Loss 0.1206 (0.1263)	Prec 0.879 (0.874)	
Epoch: [0][691/849]	Time 2.034 (2.056)	Data 0.845 (0.849)	Loss 0.1017 (0.1263)	Prec 0.898 (0.874)	
Epoch: [0][692/849]	Time 2.035 (2.056)	Data 0.845 (0.849)	Loss 0.1219 (0.1263)	Prec 0.878 (0.874)	
Epoch: [0][693/849]	Time 2.035 (2.056)	Data 0.844 (0.849)	Loss 0.1134 (0.1263)	Prec 0.887 (0.874)	
Epoch: [0][694/849]	Time 2.038 (2.055)	Data 0.845 (0.849)	Loss 0.1193 (0.1263)	Prec 0.881 (0.874)	
Epoch: [0][695/849]	Time 2.040 (2.055)	Data 0.848 (0.849)	Loss 0.1176 (0.1263)	Prec 0.882 (0.874)	
Epoch: [0][696/849]	Time 2.036 (2.055)	Data 0.846 (0.849)	Loss 0.1129 (0.1262)	Prec 0.887 (0.874)	
Epoch: [0][697/849]	Time 2.034 (2.055)	Data 0.845 (0.849)	Loss 0.1141 (0.1262)	Prec 0.886 (0.874)	
Epoch: [0][698/849]	Time 2.038 (2.055)	Data 0.846 (0.849)	Loss 0.1016 (0.1262)	Prec 0.898 (0.874)	
Epoch: [0][699/849]	Time 2.034 (2.055)	Data 0.844 (0.849)	Loss 0.1164 (0.1262)	Prec 0.884 (0.874)	
Epoch: [0][700/849]	Time 2.036 (2.055)	Data 0.846 (0.849)	Loss 0.1283 (0.1262)	Prec 0.872 (0.874)	
Epoch: [0][701/849]	Time 2.036 (2.055)	Data 0.846 (0.849)	Loss 0.1164 (0.1262)	Prec 0.884 (0.874)	
Epoch: [0][702/849]	Time 2.034 (2.055)	Data 0.845 (0.849)	Loss 0.1223 (0.1262)	Prec 0.878 (0.874)	
Epoch: [0][703/849]	Time 2.039 (2.055)	Data 0.848 (0.849)	Loss 0.1170 (0.1261)	Prec 0.883 (0.874)	
Epoch: [0][704/849]	Time 2.040 (2.055)	Data 0.846 (0.849)	Loss 0.1132 (0.1261)	Prec 0.887 (0.874)	
Epoch: [0][705/849]	Time 2.039 (2.055)	Data 0.847 (0.849)	Loss 0.1175 (0.1261)	Prec 0.882 (0.874)	
Epoch: [0][706/849]	Time 2.036 (2.055)	Data 0.845 (0.849)	Loss 0.1232 (0.1261)	Prec 0.877 (0.874)	
Epoch: [0][707/849]	Time 2.036 (2.055)	Data 0.846 (0.849)	Loss 0.1149 (0.1261)	Prec 0.885 (0.874)	
Epoch: [0][708/849]	Time 2.031 (2.055)	Data 0.845 (0.849)	Loss 0.1181 (0.1261)	Prec 0.882 (0.874)	
Epoch: [0][709/849]	Time 2.066 (2.055)	Data 0.845 (0.849)	Loss 0.1138 (0.1261)	Prec 0.886 (0.874)	
Epoch: [0][710/849]	Time 2.035 (2.055)	Data 0.845 (0.849)	Loss 0.1052 (0.1260)	Prec 0.895 (0.874)	
Epoch: [0][711/849]	Time 2.040 (2.055)	Data 0.847 (0.849)	Loss 0.1144 (0.1260)	Prec 0.886 (0.874)	
Epoch: [0][712/849]	Time 2.036 (2.055)	Data 0.844 (0.849)	Loss 0.1218 (0.1260)	Prec 0.878 (0.874)	
Epoch: [0][713/849]	Time 2.036 (2.055)	Data 0.846 (0.849)	Loss 0.1099 (0.1260)	Prec 0.890 (0.874)	
Epoch: [0][714/849]	Time 2.035 (2.055)	Data 0.846 (0.849)	Loss 0.1261 (0.1260)	Prec 0.874 (0.874)	
Epoch: [0][715/849]	Time 2.035 (2.055)	Data 0.845 (0.849)	Loss 0.1101 (0.1260)	Prec 0.890 (0.874)	
Epoch: [0][716/849]	Time 2.039 (2.055)	Data 0.846 (0.849)	Loss 0.1134 (0.1260)	Prec 0.887 (0.874)	
Epoch: [0][717/849]	Time 2.039 (2.055)	Data 0.846 (0.849)	Loss 0.1087 (0.1259)	Prec 0.891 (0.874)	
Epoch: [0][718/849]	Time 2.040 (2.055)	Data 0.847 (0.849)	Loss 0.1111 (0.1259)	Prec 0.889 (0.874)	
Epoch: [0][719/849]	Time 2.038 (2.055)	Data 0.846 (0.849)	Loss 0.1142 (0.1259)	Prec 0.886 (0.874)	
Epoch: [0][720/849]	Time 2.034 (2.055)	Data 0.844 (0.849)	Loss 0.1071 (0.1259)	Prec 0.893 (0.874)	
Epoch: [0][721/849]	Time 2.035 (2.055)	Data 0.845 (0.849)	Loss 0.1090 (0.1258)	Prec 0.891 (0.874)	
Epoch: [0][722/849]	Time 2.038 (2.055)	Data 0.846 (0.849)	Loss 0.1168 (0.1258)	Prec 0.883 (0.874)	
Epoch: [0][723/849]	Time 2.039 (2.055)	Data 0.846 (0.849)	Loss 0.1164 (0.1258)	Prec 0.884 (0.874)	
Epoch: [0][724/849]	Time 2.038 (2.055)	Data 0.848 (0.849)	Loss 0.1145 (0.1258)	Prec 0.886 (0.874)	
Epoch: [0][725/849]	Time 2.036 (2.055)	Data 0.844 (0.849)	Loss 0.1211 (0.1258)	Prec 0.879 (0.874)	
Epoch: [0][726/849]	Time 2.036 (2.055)	Data 0.846 (0.849)	Loss 0.1204 (0.1258)	Prec 0.880 (0.874)	
Epoch: [0][727/849]	Time 2.034 (2.055)	Data 0.844 (0.849)	Loss 0.1214 (0.1258)	Prec 0.879 (0.874)	
Epoch: [0][728/849]	Time 2.038 (2.055)	Data 0.845 (0.849)	Loss 0.1187 (0.1258)	Prec 0.881 (0.874)	
Epoch: [0][729/849]	Time 2.036 (2.055)	Data 0.845 (0.849)	Loss 0.1108 (0.1258)	Prec 0.889 (0.874)	
Epoch: [0][730/849]	Time 2.038 (2.055)	Data 0.845 (0.849)	Loss 0.1129 (0.1257)	Prec 0.887 (0.874)	
Epoch: [0][731/849]	Time 2.036 (2.055)	Data 0.846 (0.849)	Loss 0.1095 (0.1257)	Prec 0.891 (0.874)	
Epoch: [0][732/849]	Time 2.036 (2.055)	Data 0.847 (0.849)	Loss 0.1112 (0.1257)	Prec 0.889 (0.874)	
Epoch: [0][733/849]	Time 2.036 (2.055)	Data 0.845 (0.849)	Loss 0.1160 (0.1257)	Prec 0.884 (0.874)	
Epoch: [0][734/849]	Time 2.034 (2.054)	Data 0.845 (0.849)	Loss 0.1157 (0.1257)	Prec 0.884 (0.874)	
Epoch: [0][735/849]	Time 2.037 (2.054)	Data 0.846 (0.849)	Loss 0.1071 (0.1256)	Prec 0.893 (0.874)	
Epoch: [0][736/849]	Time 2.034 (2.054)	Data 0.844 (0.849)	Loss 0.1154 (0.1256)	Prec 0.885 (0.874)	
Epoch: [0][737/849]	Time 2.034 (2.054)	Data 0.844 (0.849)	Loss 0.1127 (0.1256)	Prec 0.887 (0.874)	
Epoch: [0][738/849]	Time 2.033 (2.054)	Data 0.846 (0.849)	Loss 0.1193 (0.1256)	Prec 0.881 (0.874)	
Epoch: [0][739/849]	Time 2.037 (2.054)	Data 0.846 (0.849)	Loss 0.1146 (0.1256)	Prec 0.885 (0.874)	
Epoch: [0][740/849]	Time 2.036 (2.054)	Data 0.844 (0.849)	Loss 0.1132 (0.1256)	Prec 0.887 (0.874)	
Epoch: [0][741/849]	Time 2.039 (2.054)	Data 0.846 (0.849)	Loss 0.1197 (0.1256)	Prec 0.880 (0.874)	
Epoch: [0][742/849]	Time 2.038 (2.054)	Data 0.847 (0.849)	Loss 0.1169 (0.1255)	Prec 0.883 (0.874)	
Epoch: [0][743/849]	Time 2.037 (2.054)	Data 0.846 (0.849)	Loss 0.1123 (0.1255)	Prec 0.888 (0.874)	
Epoch: [0][744/849]	Time 2.036 (2.054)	Data 0.845 (0.849)	Loss 0.1116 (0.1255)	Prec 0.888 (0.874)	
Epoch: [0][745/849]	Time 2.049 (2.054)	Data 0.846 (0.849)	Loss 0.1263 (0.1255)	Prec 0.874 (0.874)	
Epoch: [0][746/849]	Time 2.036 (2.054)	Data 0.845 (0.849)	Loss 0.1079 (0.1255)	Prec 0.892 (0.875)	
Epoch: [0][747/849]	Time 2.033 (2.054)	Data 0.844 (0.849)	Loss 0.1192 (0.1255)	Prec 0.881 (0.875)	
Epoch: [0][748/849]	Time 2.036 (2.054)	Data 0.846 (0.849)	Loss 0.1141 (0.1255)	Prec 0.886 (0.875)	
Epoch: [0][749/849]	Time 2.038 (2.054)	Data 0.845 (0.849)	Loss 0.1176 (0.1255)	Prec 0.882 (0.875)	
Epoch: [0][750/849]	Time 2.038 (2.054)	Data 0.846 (0.849)	Loss 0.1123 (0.1254)	Prec 0.888 (0.875)	
Epoch: [0][751/849]	Time 2.035 (2.054)	Data 0.844 (0.849)	Loss 0.1160 (0.1254)	Prec 0.884 (0.875)	
Epoch: [0][752/849]	Time 2.035 (2.054)	Data 0.846 (0.849)	Loss 0.1217 (0.1254)	Prec 0.878 (0.875)	
Epoch: [0][753/849]	Time 2.038 (2.054)	Data 0.845 (0.849)	Loss 0.1220 (0.1254)	Prec 0.878 (0.875)	
Epoch: [0][754/849]	Time 2.038 (2.054)	Data 0.845 (0.849)	Loss 0.1200 (0.1254)	Prec 0.880 (0.875)	
Epoch: [0][755/849]	Time 2.035 (2.054)	Data 0.844 (0.849)	Loss 0.1096 (0.1254)	Prec 0.890 (0.875)	
Epoch: [0][756/849]	Time 2.035 (2.054)	Data 0.844 (0.849)	Loss 0.1059 (0.1254)	Prec 0.894 (0.875)	
Epoch: [0][757/849]	Time 2.038 (2.054)	Data 0.846 (0.849)	Loss 0.1131 (0.1253)	Prec 0.887 (0.875)	
Epoch: [0][758/849]	Time 2.037 (2.054)	Data 0.846 (0.849)	Loss 0.1188 (0.1253)	Prec 0.881 (0.875)	
Epoch: [0][759/849]	Time 2.035 (2.054)	Data 0.844 (0.849)	Loss 0.1104 (0.1253)	Prec 0.890 (0.875)	
Epoch: [0][760/849]	Time 2.037 (2.054)	Data 0.845 (0.849)	Loss 0.1168 (0.1253)	Prec 0.883 (0.875)	
Epoch: [0][761/849]	Time 2.036 (2.054)	Data 0.845 (0.849)	Loss 0.1292 (0.1253)	Prec 0.871 (0.875)	
Epoch: [0][762/849]	Time 2.036 (2.054)	Data 0.846 (0.849)	Loss 0.1189 (0.1253)	Prec 0.881 (0.875)	
Epoch: [0][763/849]	Time 2.037 (2.054)	Data 0.845 (0.849)	Loss 0.1137 (0.1253)	Prec 0.886 (0.875)	
Epoch: [0][764/849]	Time 2.037 (2.054)	Data 0.845 (0.849)	Loss 0.1138 (0.1253)	Prec 0.886 (0.875)	
Epoch: [0][765/849]	Time 2.036 (2.054)	Data 0.845 (0.849)	Loss 0.1215 (0.1253)	Prec 0.879 (0.875)	
Epoch: [0][766/849]	Time 2.039 (2.054)	Data 0.846 (0.849)	Loss 0.1191 (0.1253)	Prec 0.881 (0.875)	
Epoch: [0][767/849]	Time 2.041 (2.054)	Data 0.845 (0.849)	Loss 0.1104 (0.1252)	Prec 0.890 (0.875)	
Epoch: [0][768/849]	Time 2.038 (2.054)	Data 0.847 (0.849)	Loss 0.1119 (0.1252)	Prec 0.888 (0.875)	
Epoch: [0][769/849]	Time 2.037 (2.054)	Data 0.847 (0.849)	Loss 0.1100 (0.1252)	Prec 0.890 (0.875)	
Epoch: [0][770/849]	Time 2.035 (2.054)	Data 0.845 (0.849)	Loss 0.1201 (0.1252)	Prec 0.880 (0.875)	
Epoch: [0][771/849]	Time 2.033 (2.054)	Data 0.844 (0.849)	Loss 0.1169 (0.1252)	Prec 0.883 (0.875)	
Epoch: [0][772/849]	Time 2.037 (2.054)	Data 0.846 (0.849)	Loss 0.1250 (0.1252)	Prec 0.875 (0.875)	
Epoch: [0][773/849]	Time 2.036 (2.054)	Data 0.845 (0.849)	Loss 0.1125 (0.1252)	Prec 0.888 (0.875)	
Epoch: [0][774/849]	Time 2.037 (2.054)	Data 0.845 (0.849)	Loss 0.1112 (0.1252)	Prec 0.889 (0.875)	
Epoch: [0][775/849]	Time 2.036 (2.054)	Data 0.844 (0.849)	Loss 0.1073 (0.1251)	Prec 0.893 (0.875)	
Epoch: [0][776/849]	Time 2.035 (2.054)	Data 0.845 (0.849)	Loss 0.1203 (0.1251)	Prec 0.880 (0.875)	
Epoch: [0][777/849]	Time 2.035 (2.054)	Data 0.846 (0.849)	Loss 0.1152 (0.1251)	Prec 0.885 (0.875)	
Epoch: [0][778/849]	Time 2.034 (2.053)	Data 0.844 (0.849)	Loss 0.1160 (0.1251)	Prec 0.884 (0.875)	
Epoch: [0][779/849]	Time 2.036 (2.053)	Data 0.845 (0.849)	Loss 0.1253 (0.1251)	Prec 0.875 (0.875)	
Epoch: [0][780/849]	Time 2.036 (2.053)	Data 0.847 (0.849)	Loss 0.1115 (0.1251)	Prec 0.888 (0.875)	
Epoch: [0][781/849]	Time 2.034 (2.053)	Data 0.845 (0.849)	Loss 0.1181 (0.1251)	Prec 0.882 (0.875)	
Epoch: [0][782/849]	Time 2.036 (2.053)	Data 0.845 (0.848)	Loss 0.1161 (0.1251)	Prec 0.884 (0.875)	
Epoch: [0][783/849]	Time 2.037 (2.053)	Data 0.847 (0.848)	Loss 0.1093 (0.1250)	Prec 0.891 (0.875)	
Epoch: [0][784/849]	Time 2.036 (2.053)	Data 0.846 (0.848)	Loss 0.1090 (0.1250)	Prec 0.891 (0.875)	
Epoch: [0][785/849]	Time 2.036 (2.053)	Data 0.846 (0.848)	Loss 0.1130 (0.1250)	Prec 0.887 (0.875)	
Epoch: [0][786/849]	Time 2.035 (2.053)	Data 0.847 (0.848)	Loss 0.1114 (0.1250)	Prec 0.889 (0.875)	
Epoch: [0][787/849]	Time 2.037 (2.053)	Data 0.845 (0.848)	Loss 0.1140 (0.1250)	Prec 0.886 (0.875)	
Epoch: [0][788/849]	Time 2.035 (2.053)	Data 0.846 (0.848)	Loss 0.1225 (0.1250)	Prec 0.878 (0.875)	
Epoch: [0][789/849]	Time 2.036 (2.053)	Data 0.845 (0.848)	Loss 0.1194 (0.1250)	Prec 0.881 (0.875)	
Epoch: [0][790/849]	Time 2.035 (2.053)	Data 0.845 (0.848)	Loss 0.1101 (0.1249)	Prec 0.890 (0.875)	
Epoch: [0][791/849]	Time 2.036 (2.053)	Data 0.846 (0.848)	Loss 0.1088 (0.1249)	Prec 0.891 (0.875)	
Epoch: [0][792/849]	Time 2.037 (2.053)	Data 0.845 (0.848)	Loss 0.1179 (0.1249)	Prec 0.882 (0.875)	
Epoch: [0][793/849]	Time 2.035 (2.053)	Data 0.844 (0.848)	Loss 0.1122 (0.1249)	Prec 0.888 (0.875)	
Epoch: [0][794/849]	Time 2.035 (2.053)	Data 0.844 (0.848)	Loss 0.1102 (0.1249)	Prec 0.890 (0.875)	
Epoch: [0][795/849]	Time 2.037 (2.053)	Data 0.847 (0.848)	Loss 0.1190 (0.1249)	Prec 0.881 (0.875)	
Epoch: [0][796/849]	Time 2.037 (2.053)	Data 0.846 (0.848)	Loss 0.1144 (0.1249)	Prec 0.886 (0.875)	
Epoch: [0][797/849]	Time 2.036 (2.053)	Data 0.845 (0.848)	Loss 0.1092 (0.1248)	Prec 0.891 (0.875)	
Epoch: [0][798/849]	Time 2.033 (2.053)	Data 0.844 (0.848)	Loss 0.1123 (0.1248)	Prec 0.888 (0.875)	
Epoch: [0][799/849]	Time 2.037 (2.053)	Data 0.846 (0.848)	Loss 0.1126 (0.1248)	Prec 0.887 (0.875)	
Epoch: [0][800/849]	Time 2.033 (2.053)	Data 0.845 (0.848)	Loss 0.1084 (0.1248)	Prec 0.892 (0.875)	
Epoch: [0][801/849]	Time 2.035 (2.053)	Data 0.846 (0.848)	Loss 0.1145 (0.1248)	Prec 0.885 (0.875)	
Epoch: [0][802/849]	Time 2.035 (2.053)	Data 0.844 (0.848)	Loss 0.1131 (0.1248)	Prec 0.887 (0.875)	
Epoch: [0][803/849]	Time 2.037 (2.053)	Data 0.846 (0.848)	Loss 0.1130 (0.1247)	Prec 0.887 (0.875)	
Epoch: [0][804/849]	Time 2.033 (2.053)	Data 0.845 (0.848)	Loss 0.1199 (0.1247)	Prec 0.880 (0.875)	
Epoch: [0][805/849]	Time 2.035 (2.053)	Data 0.847 (0.848)	Loss 0.1088 (0.1247)	Prec 0.891 (0.875)	
Epoch: [0][806/849]	Time 2.035 (2.053)	Data 0.845 (0.848)	Loss 0.1236 (0.1247)	Prec 0.876 (0.875)	
Epoch: [0][807/849]	Time 2.034 (2.053)	Data 0.845 (0.848)	Loss 0.1161 (0.1247)	Prec 0.884 (0.875)	
Epoch: [0][808/849]	Time 2.038 (2.053)	Data 0.845 (0.848)	Loss 0.1175 (0.1247)	Prec 0.882 (0.875)	
Epoch: [0][809/849]	Time 2.061 (2.053)	Data 0.872 (0.848)	Loss 0.1194 (0.1247)	Prec 0.881 (0.875)	
Epoch: [0][810/849]	Time 2.036 (2.053)	Data 0.845 (0.848)	Loss 0.1200 (0.1247)	Prec 0.880 (0.875)	
Epoch: [0][811/849]	Time 2.039 (2.053)	Data 0.847 (0.848)	Loss 0.1155 (0.1247)	Prec 0.885 (0.875)	
Epoch: [0][812/849]	Time 2.036 (2.053)	Data 0.846 (0.848)	Loss 0.1188 (0.1247)	Prec 0.881 (0.875)	
Epoch: [0][813/849]	Time 2.035 (2.053)	Data 0.845 (0.848)	Loss 0.1227 (0.1247)	Prec 0.877 (0.875)	
Epoch: [0][814/849]	Time 2.037 (2.053)	Data 0.847 (0.848)	Loss 0.1072 (0.1246)	Prec 0.893 (0.875)	
Epoch: [0][815/849]	Time 2.034 (2.053)	Data 0.845 (0.848)	Loss 0.1194 (0.1246)	Prec 0.881 (0.875)	
Epoch: [0][816/849]	Time 2.035 (2.053)	Data 0.845 (0.848)	Loss 0.1224 (0.1246)	Prec 0.878 (0.875)	
Epoch: [0][817/849]	Time 2.048 (2.053)	Data 0.860 (0.848)	Loss 0.1127 (0.1246)	Prec 0.887 (0.875)	
Epoch: [0][818/849]	Time 2.033 (2.053)	Data 0.844 (0.848)	Loss 0.1165 (0.1246)	Prec 0.884 (0.875)	
Epoch: [0][819/849]	Time 2.036 (2.053)	Data 0.844 (0.848)	Loss 0.1095 (0.1246)	Prec 0.891 (0.875)	
Epoch: [0][820/849]	Time 2.038 (2.053)	Data 0.847 (0.848)	Loss 0.1149 (0.1246)	Prec 0.885 (0.875)	
Epoch: [0][821/849]	Time 2.037 (2.053)	Data 0.845 (0.848)	Loss 0.1090 (0.1246)	Prec 0.891 (0.875)	
Epoch: [0][822/849]	Time 2.033 (2.053)	Data 0.845 (0.848)	Loss 0.1157 (0.1246)	Prec 0.884 (0.875)	
Epoch: [0][823/849]	Time 2.037 (2.053)	Data 0.846 (0.848)	Loss 0.1116 (0.1245)	Prec 0.888 (0.875)	
Epoch: [0][824/849]	Time 2.038 (2.053)	Data 0.846 (0.848)	Loss 0.1084 (0.1245)	Prec 0.892 (0.875)	
Epoch: [0][825/849]	Time 2.036 (2.053)	Data 0.847 (0.848)	Loss 0.1250 (0.1245)	Prec 0.875 (0.875)	
Epoch: [0][826/849]	Time 2.037 (2.052)	Data 0.845 (0.848)	Loss 0.1118 (0.1245)	Prec 0.888 (0.875)	
Epoch: [0][827/849]	Time 2.037 (2.052)	Data 0.846 (0.848)	Loss 0.1186 (0.1245)	Prec 0.881 (0.876)	
Epoch: [0][828/849]	Time 2.035 (2.052)	Data 0.847 (0.848)	Loss 0.1111 (0.1245)	Prec 0.889 (0.876)	
Epoch: [0][829/849]	Time 2.035 (2.052)	Data 0.845 (0.848)	Loss 0.1027 (0.1245)	Prec 0.897 (0.876)	
Epoch: [0][830/849]	Time 2.037 (2.052)	Data 0.846 (0.848)	Loss 0.1123 (0.1244)	Prec 0.888 (0.876)	
Epoch: [0][831/849]	Time 2.038 (2.052)	Data 0.847 (0.848)	Loss 0.1074 (0.1244)	Prec 0.893 (0.876)	
Epoch: [0][832/849]	Time 2.035 (2.052)	Data 0.844 (0.848)	Loss 0.1080 (0.1244)	Prec 0.892 (0.876)	
Epoch: [0][833/849]	Time 2.033 (2.052)	Data 0.844 (0.848)	Loss 0.1099 (0.1244)	Prec 0.890 (0.876)	
Epoch: [0][834/849]	Time 2.034 (2.052)	Data 0.844 (0.848)	Loss 0.1141 (0.1244)	Prec 0.886 (0.876)	
Epoch: [0][835/849]	Time 2.037 (2.052)	Data 0.847 (0.848)	Loss 0.1169 (0.1244)	Prec 0.883 (0.876)	
Epoch: [0][836/849]	Time 2.034 (2.052)	Data 0.846 (0.848)	Loss 0.1175 (0.1244)	Prec 0.883 (0.876)	
Epoch: [0][837/849]	Time 2.035 (2.052)	Data 0.844 (0.848)	Loss 0.1191 (0.1243)	Prec 0.881 (0.876)	
Epoch: [0][838/849]	Time 2.033 (2.052)	Data 0.845 (0.848)	Loss 0.1134 (0.1243)	Prec 0.887 (0.876)	
Epoch: [0][839/849]	Time 2.039 (2.052)	Data 0.847 (0.848)	Loss 0.1260 (0.1243)	Prec 0.874 (0.876)	
Epoch: [0][840/849]	Time 2.033 (2.052)	Data 0.844 (0.848)	Loss 0.1125 (0.1243)	Prec 0.888 (0.876)	
Epoch: [0][841/849]	Time 2.034 (2.052)	Data 0.845 (0.848)	Loss 0.1224 (0.1243)	Prec 0.878 (0.876)	
Epoch: [0][842/849]	Time 2.039 (2.052)	Data 0.849 (0.848)	Loss 0.1175 (0.1243)	Prec 0.883 (0.876)	
Epoch: [0][843/849]	Time 2.032 (2.052)	Data 0.845 (0.848)	Loss 0.1074 (0.1243)	Prec 0.893 (0.876)	
Epoch: [0][844/849]	Time 2.037 (2.052)	Data 0.846 (0.848)	Loss 0.1083 (0.1243)	Prec 0.892 (0.876)	
Epoch: [0][845/849]	Time 2.033 (2.052)	Data 0.845 (0.848)	Loss 0.1233 (0.1243)	Prec 0.877 (0.876)	
Epoch: [0][846/849]	Time 2.037 (2.052)	Data 0.845 (0.848)	Loss 0.1169 (0.1243)	Prec 0.883 (0.876)	
Epoch: [0][847/849]	Time 2.034 (2.052)	Data 0.845 (0.848)	Loss 0.1092 (0.1242)	Prec 0.891 (0.876)	
Epoch: [0][848/849]	Time 5.360 (2.056)	Data 0.846 (0.848)	Loss 0.1243 (0.1242)	Prec 0.876 (0.876)	
Test: [0/283]	Time 4.671 (4.671)	Loss 0.1459 (0.1459)	Prec 0.854 (0.854)
